steam.sh[22626]: Running Steam on linuxmint 20.2 64-bit
steam.sh[22626]: STEAM_RUNTIME is enabled automatically
setup.sh[22764]: Steam runtime environment up-to-date!
steam.sh[22626]: Steam client's requirements are satisfied
Loaded SDL version 3.0.0-765-gc4db0725e
Gtk-Message: 00:37:09.276: Failed to load module "gail"
Gtk-Message: 00:37:09.276: Failed to load module "atk-bridge"

(steam:22846): Gtk-WARNING **: 00:37:09.280: Unable to locate theme engine in module_path: "adwaita",
/usr/share/themes/Mint-Y-Dark-Teal/gtk-2.0/main.rc:1085: error: unexpected identifier 'direction', expected character '}'
GetWin32Stats: display was not open yet, good
steamwebhelper.sh[22850]: Runtime for steamwebhelper: defaulting to /home/fresh/.local/share/Steam/ubuntu12_64/steam-runtime-heavy
steamwebhelper.sh[22850]: Using CEF sandbox (try with -no-cef-sandbox if this fails)
Could not connect to X session manager: None of the authentication protocols specified are supported
CAppInfoCacheReadFromDiskThread took 84 milliseconds to initialize
Failed to init SteamVR because it isn't installed
Local Device Found
  type: 045e 028e
  path: sdl://1
  serial_number:  - 0
  Manufacturer: 
  Product:      X360 Controller
  Release:      303
  Interface:    -1

!! Steam controller device opened for index 0.
MESA-INTEL: warning: Performance support disabled, consider sysctl dev.i915.perf_stream_paranoid=0

MESA-INTEL: warning: Performance support disabled, consider sysctl dev.i915.perf_stream_paranoid=0

Could not connect to X session manager: None of the authentication protocols specified are supported
Could not connect to X session manager: None of the authentication protocols specified are supported

(steam:22846): Gtk-WARNING **: 00:37:20.681: gtk_disable_setlocale() must be called before gtk_init()
local (potentially out of sync) copy of roaming config loaded - 860 bytes.
roaming config store loaded successfully - 860 bytes.
migrating temporary roaming config store
BRefreshApplicationsInLibrary 1: 2ms
Could not connect to X session manager: None of the authentication protocols specified are supported
Could not connect to X session manager: None of the authentication protocols specified are supported
Could not connect to X session manager: None of the authentication protocols specified are supported
Could not connect to X session manager: None of the authentication protocols specified are supported
Could not connect to X session manager: None of the authentication protocols specified are supported
Could not connect to X session manager: None of the authentication protocols specified are supported
Could not connect to X session manager: None of the authentication protocols specified are supported
Could not connect to X session manager: None of the authentication protocols specified are supported
Could not connect to X session manager: None of the authentication protocols specified are supported
Could not connect to X session manager: None of the authentication protocols specified are supported
Could not connect to X session manager: None of the authentication protocols specified are supported
Could not connect to X session manager: None of the authentication protocols specified are supported
Could not connect to X session manager: None of the authentication protocols specified are supported
Could not connect to X session manager: None of the authentication protocols specified are supported
Could not connect to X session manager: None of the authentication protocols specified are supported
Could not connect to X session manager: None of the authentication protocols specified are supported
Could not connect to X session manager: None of the authentication protocols specified are supported
Could not connect to X session manager: None of the authentication protocols specified are supported
Could not connect to X session manager: None of the authentication protocols specified are supported
Could not connect to X session manager: None of the authentication protocols specified are supported
Could not connect to X session manager: None of the authentication protocols specified are supported
Could not connect to X session manager: None of the authentication protocols specified are supported
Could not connect to X session manager: None of the authentication protocols specified are supported
Could not connect to X session manager: None of the authentication protocols specified are supported
Could not connect to X session manager: None of the authentication protocols specified are supported
Could not connect to X session manager: None of the authentication protocols specified are supported
GetWin32Stats: restoring previous glx context
Could not connect to X session manager: None of the authentication protocols specified are supported
Could not connect to X session manager: None of the authentication protocols specified are supported
Could not connect to X session manager: None of the authentication protocols specified are supported
Could not connect to X session manager: None of the authentication protocols specified are supported
Could not connect to X session manager: None of the authentication protocols specified are supported
Could not connect to X session manager: None of the authentication protocols specified are supported
Could not connect to X session manager: None of the authentication protocols specified are supported
Could not connect to X session manager: None of the authentication protocols specified are supported
Could not connect to X session manager: None of the authentication protocols specified are supported
Could not connect to X session manager: None of the authentication protocols specified are supported
Could not connect to X session manager: None of the authentication protocols specified are supported
Could not connect to X session manager: None of the authentication protocols specified are supported
Could not connect to X session manager: None of the authentication protocols specified are supported
Could not connect to X session manager: None of the authentication protocols specified are supported
Could not connect to X session manager: None of the authentication protocols specified are supported
Could not connect to X session manager: None of the authentication protocols specified are supported
Could not connect to X session manager: None of the authentication protocols specified are supported
Could not connect to X session manager: None of the authentication protocols specified are supported
Could not connect to X session manager: None of the authentication protocols specified are supported
Could not connect to X session manager: None of the authentication protocols specified are supported
Could not connect to X session manager: None of the authentication protocols specified are supported
Could not connect to X session manager: None of the authentication protocols specified are supported
ExecCommandLine: "'/home/fresh/.local/share/Steam/ubuntu12_32/steam'"
System startup time: 14.57 seconds
Could not connect to X session manager: None of the authentication protocols specified are supported

(steam:22846): LIBDBUSMENU-GLIB-WARNING **: 00:37:23.753: Trying to remove a child that doesn't believe we're it's parent.

(steam:22846): LIBDBUSMENU-GLIB-WARNING **: 00:37:23.753: Trying to remove a child that doesn't believe we're it's parent.

(steam:22846): LIBDBUSMENU-GLIB-WARNING **: 00:37:23.754: Trying to remove a child that doesn't believe we're it's parent.

(steam:22846): LIBDBUSMENU-GLIB-WARNING **: 00:37:23.754: Trying to remove a child that doesn't believe we're it's parent.

(steam:22846): LIBDBUSMENU-GLIB-WARNING **: 00:37:23.754: Trying to remove a child that doesn't believe we're it's parent.

(steam:22846): LIBDBUSMENU-GLIB-WARNING **: 00:37:23.754: Trying to remove a child that doesn't believe we're it's parent.

(steam:22846): LIBDBUSMENU-GLIB-WARNING **: 00:37:23.754: Trying to remove a child that doesn't believe we're it's parent.

(steam:22846): LIBDBUSMENU-GLIB-WARNING **: 00:37:23.754: Trying to remove a child that doesn't believe we're it's parent.

(steam:22846): LIBDBUSMENU-GLIB-WARNING **: 00:37:23.754: Trying to remove a child that doesn't believe we're it's parent.

(steam:22846): LIBDBUSMENU-GLIB-WARNING **: 00:37:23.755: Trying to remove a child that doesn't believe we're it's parent.

(steam:22846): LIBDBUSMENU-GLIB-WARNING **: 00:37:23.755: Trying to remove a child that doesn't believe we're it's parent.

(steam:22846): LIBDBUSMENU-GLIB-WARNING **: 00:37:23.755: Trying to remove a child that doesn't believe we're it's parent.

(steam:22846): LIBDBUSMENU-GLIB-WARNING **: 00:37:23.755: Trying to remove a child that doesn't believe we're it's parent.

(steam:22846): LIBDBUSMENU-GLIB-WARNING **: 00:37:23.755: Trying to remove a child that doesn't believe we're it's parent.

(steam:22846): LIBDBUSMENU-GLIB-WARNING **: 00:37:23.755: Trying to remove a child that doesn't believe we're it's parent.

(steam:22846): LIBDBUSMENU-GLIB-WARNING **: 00:37:23.755: Trying to remove a child that doesn't believe we're it's parent.
BuildCompleteAppOverviewChange: 347 apps
RegisterForAppOverview 1: 5ms
RegisterForAppOverview 2: 6ms
Could not connect to X session manager: None of the authentication protocols specified are supported
Could not connect to X session manager: None of the authentication protocols specified are supported
Could not connect to X session manager: None of the authentication protocols specified are supported
Could not connect to X session manager: None of the authentication protocols specified are supported
Could not connect to X session manager: None of the authentication protocols specified are supported
GameAction [AppID 761890, ActionID 1] : LaunchApp changed task to ProcessingInstallScript with ""
GameAction [AppID 761890, ActionID 1] : LaunchApp changed task to SynchronizingControllerConfig with ""
GameAction [AppID 761890, ActionID 1] : LaunchApp changed task to SiteLicenseSeatCheckout with ""
GameAction [AppID 761890, ActionID 1] : LaunchApp changed task to CreatingProcess with ""
GameAction [AppID 761890, ActionID 1] : LaunchApp waiting for user response to CreatingProcess ""
GameAction [AppID 761890, ActionID 1] : LaunchApp continues with user response "CreatingProcess"
/bin/sh\0-c\0/home/fresh/.local/share/Steam/ubuntu12_32/reaper SteamLaunch AppId=761890 -- /home/fresh/.local/share/Steam/ubuntu12_32/steam-launch-wrapper -- '/home/fresh/.local/share/Steam/steamapps/common/Albion Online/Albion-Online' -steam\0
Game process added : AppID 761890 "/home/fresh/.local/share/Steam/ubuntu12_32/reaper SteamLaunch AppId=761890 -- /home/fresh/.local/share/Steam/ubuntu12_32/steam-launch-wrapper -- '/home/fresh/.local/share/Steam/steamapps/common/Albion Online/Albion-Online' -steam", ProcID 23116, IP 0.0.0.0:0
ERROR: ld.so: object '/home/fresh/.local/share/Steam/ubuntu12_32/gameoverlayrenderer.so' from LD_PRELOAD cannot be preloaded (wrong ELF class: ELFCLASS32): ignored.
GameAction [AppID 761890, ActionID 1] : LaunchApp changed task to WaitingGameWindow with ""
ERROR: ld.so: object '/home/fresh/.local/share/Steam/ubuntu12_64/gameoverlayrenderer.so' from LD_PRELOAD cannot be preloaded (wrong ELF class: ELFCLASS64): ignored.
ERROR: ld.so: object '/home/fresh/.local/share/Steam/ubuntu12_32/gameoverlayrenderer.so' from LD_PRELOAD cannot be preloaded (wrong ELF class: ELFCLASS32): ignored.
ERROR: ld.so: object '/home/fresh/.local/share/Steam/ubuntu12_32/gameoverlayrenderer.so' from LD_PRELOAD cannot be preloaded (wrong ELF class: ELFCLASS32): ignored.
ERROR: ld.so: object '/home/fresh/.local/share/Steam/ubuntu12_32/gameoverlayrenderer.so' from LD_PRELOAD cannot be preloaded (wrong ELF class: ELFCLASS32): ignored.
ERROR: ld.so: object '/home/fresh/.local/share/Steam/ubuntu12_32/gameoverlayrenderer.so' from LD_PRELOAD cannot be preloaded (wrong ELF class: ELFCLASS32): ignored.
GameAction [AppID 761890, ActionID 1] : LaunchApp changed task to Completed with ""
ERROR: ld.so: object '/home/fresh/.local/share/Steam/ubuntu12_32/gameoverlayrenderer.so' from LD_PRELOAD cannot be preloaded (wrong ELF class: ELFCLASS32): ignored.
[S_API] SteamAPI_Init(): Loaded '/home/fresh/.local/share/Steam/linux64/steamclient.so' OK.
Game process updated : AppID 761890 "/home/fresh/.local/share/Steam/ubuntu12_32/reaper SteamLaunch AppId=761890 -- /home/fresh/.local/share/Steam/ubuntu12_32/steam-launch-wrapper -- '/home/fresh/.local/share/Steam/steamapps/common/Albion Online/Albion-Online' -steam", ProcID 23123, IP 0.0.0.0:0
Setting breakpad minidump AppID = 761890
SteamInternal_SetMinidumpSteamID:  Caching Steam ID:  76561198197000002 [API loaded no]
ERROR: ld.so: object '/home/fresh/.local/share/Steam/ubuntu12_32/gameoverlayrenderer.so' from LD_PRELOAD cannot be preloaded (wrong ELF class: ELFCLASS32): ignored.
ERROR: ld.so: object '/home/fresh/.local/share/Steam/ubuntu12_32/gameoverlayrenderer.so' from LD_PRELOAD cannot be preloaded (wrong ELF class: ELFCLASS32): ignored.
ERROR: ld.so: object '/home/fresh/.local/share/Steam/ubuntu12_32/gameoverlayrenderer.so' from LD_PRELOAD cannot be preloaded (wrong ELF class: ELFCLASS32): ignored.
BuildCompleteAppOverviewChange: 347 apps
RegisterForAppOverview 1: 5ms
RegisterForAppOverview 2: 6ms
ERROR: ld.so: object '/home/fresh/.local/share/Steam/ubuntu12_32/gameoverlayrenderer.so' from LD_PRELOAD cannot be preloaded (wrong ELF class: ELFCLASS32): ignored.
pid 23381 != 23378, skipping destruction (fork without exec?)
ThreadGetProcessExitCode: no such process 23122
ThreadGetProcessExitCode: no such process 23121
ThreadGetProcessExitCode: no such process 23120
pid 23382 != 23378, skipping destruction (fork without exec?)
pid 23385 != 23378, skipping destruction (fork without exec?)
ERROR: ld.so: object '/home/fresh/.local/share/Steam/ubuntu12_32/gameoverlayrenderer.so' from LD_PRELOAD cannot be preloaded (wrong ELF class: ELFCLASS32): ignored.
pid 23384 != 23378, skipping destruction (fork without exec?)
pid 23388 != 23378, skipping destruction (fork without exec?)
ERROR: ld.so: object '/home/fresh/.local/share/Steam/ubuntu12_32/gameoverlayrenderer.so' from LD_PRELOAD cannot be preloaded (wrong ELF class: ELFCLASS32): ignored.
pid 23387 != 23378, skipping destruction (fork without exec?)
pid 23391 != 23378, skipping destruction (fork without exec?)
ERROR: ld.so: object '/home/fresh/.local/share/Steam/ubuntu12_32/gameoverlayrenderer.so' from LD_PRELOAD cannot be preloaded (wrong ELF class: ELFCLASS32): ignored.
pid 23390 != 23378, skipping destruction (fork without exec?)
pid 23394 != 23378, skipping destruction (fork without exec?)
ERROR: ld.so: object '/home/fresh/.local/share/Steam/ubuntu12_32/gameoverlayrenderer.so' from LD_PRELOAD cannot be preloaded (wrong ELF class: ELFCLASS32): ignored.
pid 23393 != 23378, skipping destruction (fork without exec?)
pid 23402 != 23378, skipping destruction (fork without exec?)
ERROR: ld.so: object '/home/fresh/.local/share/Steam/ubuntu12_32/gameoverlayrenderer.so' from LD_PRELOAD cannot be preloaded (wrong ELF class: ELFCLASS32): ignored.
pid 23401 != 23378, skipping destruction (fork without exec?)
pid 23405 != 23378, skipping destruction (fork without exec?)
ERROR: ld.so: object '/home/fresh/.local/share/Steam/ubuntu12_32/gameoverlayrenderer.so' from LD_PRELOAD cannot be preloaded (wrong ELF class: ELFCLASS32): ignored.
pid 23404 != 23378, skipping destruction (fork without exec?)
pid 23408 != 23378, skipping destruction (fork without exec?)
ERROR: ld.so: object '/home/fresh/.local/share/Steam/ubuntu12_32/gameoverlayrenderer.so' from LD_PRELOAD cannot be preloaded (wrong ELF class: ELFCLASS32): ignored.
pid 23407 != 23378, skipping destruction (fork without exec?)
ERROR: ld.so: object '/home/fresh/.local/share/Steam/ubuntu12_32/gameoverlayrenderer.so' from LD_PRELOAD cannot be preloaded (wrong ELF class: ELFCLASS32): ignored.
ERROR: ld.so: object '/home/fresh/.local/share/Steam/ubuntu12_32/gameoverlayrenderer.so' from LD_PRELOAD cannot be preloaded (wrong ELF class: ELFCLASS32): ignored.
ThreadGetProcessExitCode: no such process 23410
ThreadGetProcessExitCode: no such process 23409
ThreadGetProcessExitCode: no such process 23406
ThreadGetProcessExitCode: no such process 23403
ThreadGetProcessExitCode: no such process 23395
ThreadGetProcessExitCode: no such process 23392
ThreadGetProcessExitCode: no such process 23389
ThreadGetProcessExitCode: no such process 23386
ThreadGetProcessExitCode: no such process 23383

(process:23186): GLib-GObject-CRITICAL **: 00:38:20.952: g_object_unref: assertion 'G_IS_OBJECT (object)' failed
[2023-02-12 00:37:08] Startup - updater built Feb 10 2023 02:37:25
[2023-02-12 00:37:08] Startup - Steam Client launched with: '/home/fresh/.local/share/Steam/ubuntu12_32/steam'
[2023-02-12 00:37:08] Loading cached metrics from disk (/home/fresh/.local/share/Steam/package/steam_client_metrics.bin)
[2023-02-12 00:37:08] Using the following download hosts for Public, Realm steamglobal
[2023-02-12 00:37:08] 1. https://client-update.akamai.steamstatic.com, /, Realm 'steamglobal', weight was 1000, source = 'update_hosts_cached.vdf'
[2023-02-12 00:37:08] 2. https://cdn.cloudflare.steamstatic.com, /client/, Realm 'steamglobal', weight was 1, source = 'update_hosts_cached.vdf'
[2023-02-12 00:37:08] 3. http://media.steampowered.com, /client/, Realm 'steamglobal', weight was 1, source = 'baked in'
[2023-02-12 00:37:08] Verifying installation...
[2023-02-12 00:37:09] Verification complete
XRRGetOutputInfo Workaround: initialized with override: 0 real: 0xf3695370
XRRGetCrtcInfo Workaround: initialized with override: 0 real: 0xf3693cc0
src/steamexe/main.cpp (254) : Assertion Failed: reaping pid: 23186 -- gameoverlayui

assert_20230212003831_33.dmp[23508]: Uploading dump (out-of-process)
/tmp/dumps/assert_20230212003831_33.dmp
assert_20230212003831_33.dmp[23508]: Finished uploading minidump (out-of-process): success = yes
assert_20230212003831_33.dmp[23508]: response: CrashID=bp-ed07d2e3-0c28-4882-a5c5-41ca72230212
assert_20230212003831_33.dmp[23508]: file ''/tmp/dumps/assert_20230212003831_33.dmp'', upload yes: ''CrashID=bp-ed07d2e3-0c28-4882-a5c5-41ca72230212''
Game process updated : AppID 761890 "/home/fresh/.local/share/Steam/ubuntu12_32/reaper SteamLaunch AppId=761890 -- /home/fresh/.local/share/Steam/ubuntu12_32/steam-launch-wrapper -- '/home/fresh/.local/share/Steam/steamapps/common/Albion Online/Albion-Online' -steam", ProcID 23378, IP 0.0.0.0:0
Game process removed: AppID 761890 "/home/fresh/.local/share/Steam/ubuntu12_32/reaper SteamLaunch AppId=761890 -- /home/fresh/.local/share/Steam/ubuntu12_32/steam-launch-wrapper -- '/home/fresh/.local/share/Steam/steamapps/common/Albion Online/Albion-Online' -steam", ProcID 23378 
ThreadGetProcessExitCode: no such process 23537
ThreadGetProcessExitCode: no such process 23536
ThreadGetProcessExitCode: no such process 23378
ThreadGetProcessExitCode: no such process 23149
ThreadGetProcessExitCode: no such process 23133
ThreadGetProcessExitCode: no such process 23132
ThreadGetProcessExitCode: no such process 23123
ThreadGetProcessExitCode: no such process 23119
Game 761890 created interface STEAMAPPS_INTERFACE_VERSION008 / 
Game 761890 created interface STEAMINVENTORY_INTERFACE_V003 / 
Game 761890 created interface STEAMMUSIC_INTERFACE_VERSION001 / 
Game 761890 created interface STEAMPARENTALSETTINGS_INTERFACE_VERSION001 / 
Game 761890 created interface STEAMREMOTEPLAY_INTERFACE_VERSION001 / 
Game 761890 created interface STEAMREMOTESTORAGE_INTERFACE_VERSION016 / 
Game 761890 created interface STEAMSCREENSHOTS_INTERFACE_VERSION003 / 
Game 761890 created interface STEAMUGC_INTERFACE_VERSION016 / 
Game 761890 created interface STEAMUSERSTATS_INTERFACE_VERSION012 / 
Game 761890 created interface STEAMVIDEO_INTERFACE_V002 / 
Game 761890 created interface SteamController008 / 
Game 761890 created interface SteamFriends017 / 
Game 761890 created interface SteamInput006 / 
Game 761890 created interface SteamMatchMaking009 / 
Game 761890 created interface SteamMatchMakingServers002 / 
Game 761890 created interface SteamNetworking006 / 
Game 761890 created interface SteamNetworkingSockets012 / 
Game 761890 created interface SteamNetworkingUtils004 / 
Game 761890 created interface SteamParties002 / 
Game 761890 created interface SteamUser021 / 
Game 761890 created interface SteamUser021 / User
Game 761890 created interface SteamUtils010 / 
Game 761890 method call count for IClientNetworkingSocketsSerialized::GetSTUNServer : 2
Game 761890 method call count for IClientAudio::GetVoiceOptimalSampleRate : 1
Game 761890 method call count for IClientUserStats::RequestCurrentStats : 1
Game 761890 method call count for IClientUtils::RecordSteamInterfaceCreation : 26
Game 761890 method call count for IClientUtils::GetAppID : 28
Game 761890 method call count for IClientUtils::GetConnectedUniverse : 1
Game 761890 method call count for IClientFriends::GetPersonaName : 86187
Game 761890 method call count for IClientUser::GetAuthSessionTicket : 1
Game 761890 method call count for IClientUser::GetSteamID : 16
Game 761890 method call count for IClientUser::BLoggedOn : 1
Uploaded AppInterfaceStats to Steam

(process:23467): GLib-GObject-CRITICAL **: 00:59:05.478: g_object_unref: assertion 'G_IS_OBJECT (object)' failed
src/steamexe/main.cpp (254) : Assertion Failed: reaping pid: 23186 -- gameoverlayui

[2023-02-12 00:39:10] Background update loop checking for update. . .
[2023-02-12 00:39:10] Checking for available updates...
[2023-02-12 00:39:10] Downloading manifest: https://client-update.akamai.steamstatic.com/steam_client_ubuntu12
[2023-02-12 00:39:10] Manifest download: send request
[2023-02-12 00:39:10] Manifest download: waiting for download to finish
[2023-02-12 00:39:10] Manifest download: finished
[2023-02-12 00:39:10] Download skipped: /steam_client_ubuntu12 version 1675997500, installed version 1675997500, existing pending version 0
[2023-02-12 00:39:10] Nothing to do
src/steamexe/main.cpp (254) : Assertion Failed: reaping pid: 23467 -- gameoverlayui

Controller device closed after hid_read failure
ExecuteSteamURL: "steam://open/games"
Could not connect to X session manager: None of the authentication protocols specified are supported
Could not connect to X session manager: None of the authentication protocols specified are supported
GameAction [AppID 761890, ActionID 2] : LaunchApp changed task to ProcessingInstallScript with ""
GameAction [AppID 761890, ActionID 2] : LaunchApp changed task to SynchronizingControllerConfig with ""
GameAction [AppID 761890, ActionID 2] : LaunchApp changed task to SiteLicenseSeatCheckout with ""
GameAction [AppID 761890, ActionID 2] : LaunchApp changed task to CreatingProcess with ""
GameAction [AppID 761890, ActionID 2] : LaunchApp waiting for user response to CreatingProcess ""
GameAction [AppID 761890, ActionID 2] : LaunchApp continues with user response "CreatingProcess"
/bin/sh\0-c\0/home/fresh/.local/share/Steam/ubuntu12_32/reaper SteamLaunch AppId=761890 -- /home/fresh/.local/share/Steam/ubuntu12_32/steam-launch-wrapper -- '/home/fresh/.local/share/Steam/steamapps/common/Albion Online/Albion-Online' -steam\0
Game process added : AppID 761890 "/home/fresh/.local/share/Steam/ubuntu12_32/reaper SteamLaunch AppId=761890 -- /home/fresh/.local/share/Steam/ubuntu12_32/steam-launch-wrapper -- '/home/fresh/.local/share/Steam/steamapps/common/Albion Online/Albion-Online' -steam", ProcID 27545, IP 0.0.0.0:0
GameAction [AppID 761890, ActionID 2] : LaunchApp changed task to WaitingGameWindow with ""
ERROR: ld.so: object '/home/fresh/.local/share/Steam/ubuntu12_32/gameoverlayrenderer.so' from LD_PRELOAD cannot be preloaded (wrong ELF class: ELFCLASS32): ignored.
ERROR: ld.so: object '/home/fresh/.local/share/Steam/ubuntu12_64/gameoverlayrenderer.so' from LD_PRELOAD cannot be preloaded (wrong ELF class: ELFCLASS64): ignored.
GameAction [AppID 761890, ActionID 2] : LaunchApp changed task to Completed with ""
ERROR: ld.so: object '/home/fresh/.local/share/Steam/ubuntu12_32/gameoverlayrenderer.so' from LD_PRELOAD cannot be preloaded (wrong ELF class: ELFCLASS32): ignored.
ERROR: ld.so: object '/home/fresh/.local/share/Steam/ubuntu12_32/gameoverlayrenderer.so' from LD_PRELOAD cannot be preloaded (wrong ELF class: ELFCLASS32): ignored.
ERROR: ld.so: object '/home/fresh/.local/share/Steam/ubuntu12_32/gameoverlayrenderer.so' from LD_PRELOAD cannot be preloaded (wrong ELF class: ELFCLASS32): ignored.
ERROR: ld.so: object '/home/fresh/.local/share/Steam/ubuntu12_32/gameoverlayrenderer.so' from LD_PRELOAD cannot be preloaded (wrong ELF class: ELFCLASS32): ignored.
ERROR: ld.so: object '/home/fresh/.local/share/Steam/ubuntu12_32/gameoverlayrenderer.so' from LD_PRELOAD cannot be preloaded (wrong ELF class: ELFCLASS32): ignored.
[S_API] SteamAPI_Init(): Loaded '/home/fresh/.local/share/Steam/linux64/steamclient.so' OK.
Game process updated : AppID 761890 "/home/fresh/.local/share/Steam/ubuntu12_32/reaper SteamLaunch AppId=761890 -- /home/fresh/.local/share/Steam/ubuntu12_32/steam-launch-wrapper -- '/home/fresh/.local/share/Steam/steamapps/common/Albion Online/Albion-Online' -steam", ProcID 27551, IP 0.0.0.0:0
Setting breakpad minidump AppID = 761890
SteamInternal_SetMinidumpSteamID:  Caching Steam ID:  76561198197000002 [API loaded no]
ERROR: ld.so: object '/home/fresh/.local/share/Steam/ubuntu12_32/gameoverlayrenderer.so' from LD_PRELOAD cannot be preloaded (wrong ELF class: ELFCLASS32): ignored.
ERROR: ld.so: object '/home/fresh/.local/share/Steam/ubuntu12_32/gameoverlayrenderer.so' from LD_PRELOAD cannot be preloaded (wrong ELF class: ELFCLASS32): ignored.
ERROR: ld.so: object '/home/fresh/.local/share/Steam/ubuntu12_32/gameoverlayrenderer.so' from LD_PRELOAD cannot be preloaded (wrong ELF class: ELFCLASS32): ignored.
ERROR: ld.so: object '/home/fresh/.local/share/Steam/ubuntu12_32/gameoverlayrenderer.so' from LD_PRELOAD cannot be preloaded (wrong ELF class: ELFCLASS32): ignored.
pid 27700 != 27697, skipping destruction (fork without exec?)
ThreadGetProcessExitCode: no such process 27550
ThreadGetProcessExitCode: no such process 27548
ThreadGetProcessExitCode: no such process 27547
pid 27701 != 27697, skipping destruction (fork without exec?)
pid 27704 != 27697, skipping destruction (fork without exec?)
ERROR: ld.so: object '/home/fresh/.local/share/Steam/ubuntu12_32/gameoverlayrenderer.so' from LD_PRELOAD cannot be preloaded (wrong ELF class: ELFCLASS32): ignored.
pid 27703 != 27697, skipping destruction (fork without exec?)
pid 27707 != 27697, skipping destruction (fork without exec?)
ERROR: ld.so: object '/home/fresh/.local/share/Steam/ubuntu12_32/gameoverlayrenderer.so' from LD_PRELOAD cannot be preloaded (wrong ELF class: ELFCLASS32): ignored.
pid 27706 != 27697, skipping destruction (fork without exec?)
pid 27710 != 27697, skipping destruction (fork without exec?)
ERROR: ld.so: object '/home/fresh/.local/share/Steam/ubuntu12_32/gameoverlayrenderer.so' from LD_PRELOAD cannot be preloaded (wrong ELF class: ELFCLASS32): ignored.
pid 27709 != 27697, skipping destruction (fork without exec?)
ERROR: ld.so: object '/home/fresh/.local/share/Steam/ubuntu12_32/gameoverlayrenderer.so' from LD_PRELOAD cannot be preloaded (wrong ELF class: ELFCLASS32): ignored.
pid 27713 != 27697, skipping destruction (fork without exec?)
ThreadGetProcessExitCode: no such process 27711
ThreadGetProcessExitCode: no such process 27708
ThreadGetProcessExitCode: no such process 27705
ThreadGetProcessExitCode: no such process 27702
pid 27712 != 27697, skipping destruction (fork without exec?)
pid 27716 != 27697, skipping destruction (fork without exec?)
ERROR: ld.so: object '/home/fresh/.local/share/Steam/ubuntu12_32/gameoverlayrenderer.so' from LD_PRELOAD cannot be preloaded (wrong ELF class: ELFCLASS32): ignored.
pid 27715 != 27697, skipping destruction (fork without exec?)
pid 27719 != 27697, skipping destruction (fork without exec?)
ERROR: ld.so: object '/home/fresh/.local/share/Steam/ubuntu12_32/gameoverlayrenderer.so' from LD_PRELOAD cannot be preloaded (wrong ELF class: ELFCLASS32): ignored.
pid 27718 != 27697, skipping destruction (fork without exec?)
pid 27722 != 27697, skipping destruction (fork without exec?)
ERROR: ld.so: object '/home/fresh/.local/share/Steam/ubuntu12_32/gameoverlayrenderer.so' from LD_PRELOAD cannot be preloaded (wrong ELF class: ELFCLASS32): ignored.
pid 27721 != 27697, skipping destruction (fork without exec?)
ERROR: ld.so: object '/home/fresh/.local/share/Steam/ubuntu12_32/gameoverlayrenderer.so' from LD_PRELOAD cannot be preloaded (wrong ELF class: ELFCLASS32): ignored.
ERROR: ld.so: object '/home/fresh/.local/share/Steam/ubuntu12_32/gameoverlayrenderer.so' from LD_PRELOAD cannot be preloaded (wrong ELF class: ELFCLASS32): ignored.
ThreadGetProcessExitCode: no such process 27724
ThreadGetProcessExitCode: no such process 27723
ThreadGetProcessExitCode: no such process 27720
ThreadGetProcessExitCode: no such process 27717
ThreadGetProcessExitCode: no such process 27714

(process:27611): GLib-GObject-CRITICAL **: 01:34:00.584: g_object_unref: assertion 'G_IS_OBJECT (object)' failed
src/steamexe/main.cpp (254) : Assertion Failed: reaping pid: 23467 -- gameoverlayui

src/steamexe/main.cpp (254) : Assertion Failed: reaping pid: 27611 -- gameoverlayui

Local Device Found
  type: 045e 028e
  path: sdl://3
  serial_number:  - 0
  Manufacturer: 
  Product:      X360 Controller
  Release:      303
  Interface:    -1

!! Steam controller device opened for index 0.
Game process updated : AppID 761890 "/home/fresh/.local/share/Steam/ubuntu12_32/reaper SteamLaunch AppId=761890 -- /home/fresh/.local/share/Steam/ubuntu12_32/steam-launch-wrapper -- '/home/fresh/.local/share/Steam/steamapps/common/Albion Online/Albion-Online' -steam", ProcID 27697, IP 0.0.0.0:0
Game process removed: AppID 761890 "/home/fresh/.local/share/Steam/ubuntu12_32/reaper SteamLaunch AppId=761890 -- /home/fresh/.local/share/Steam/ubuntu12_32/steam-launch-wrapper -- '/home/fresh/.local/share/Steam/steamapps/common/Albion Online/Albion-Online' -steam", ProcID 27697 
ThreadGetProcessExitCode: no such process 27888
ThreadGetProcessExitCode: no such process 27887
ThreadGetProcessExitCode: no such process 27697
ThreadGetProcessExitCode: no such process 27573
ThreadGetProcessExitCode: no such process 27559
ThreadGetProcessExitCode: no such process 27558
ThreadGetProcessExitCode: no such process 27551
ThreadGetProcessExitCode: no such process 27546
Game 761890 created interface STEAMAPPS_INTERFACE_VERSION008 / 
Game 761890 created interface STEAMINVENTORY_INTERFACE_V003 / 
Game 761890 created interface STEAMMUSIC_INTERFACE_VERSION001 / 
Game 761890 created interface STEAMPARENTALSETTINGS_INTERFACE_VERSION001 / 
Game 761890 created interface STEAMREMOTEPLAY_INTERFACE_VERSION001 / 
Game 761890 created interface STEAMREMOTESTORAGE_INTERFACE_VERSION016 / 
Game 761890 created interface STEAMSCREENSHOTS_INTERFACE_VERSION003 / 
Game 761890 created interface STEAMUGC_INTERFACE_VERSION016 / 
Game 761890 created interface STEAMUSERSTATS_INTERFACE_VERSION012 / 
Game 761890 created interface STEAMVIDEO_INTERFACE_V002 / 
Game 761890 created interface SteamController008 / 
Game 761890 created interface SteamFriends017 / 
Game 761890 created interface SteamInput006 / 
Game 761890 created interface SteamMatchMaking009 / 
Game 761890 created interface SteamMatchMakingServers002 / 
Game 761890 created interface SteamNetworking006 / 
Game 761890 created interface SteamNetworkingSockets012 / 
Game 761890 created interface SteamNetworkingUtils004 / 
Game 761890 created interface SteamParties002 / 
Game 761890 created interface SteamUser021 / 
Game 761890 created interface SteamUser021 / User
Game 761890 created interface SteamUtils010 / 
Game 761890 method call count for IClientNetworkingSocketsSerialized::GetSTUNServer : 2
Game 761890 method call count for IClientAudio::GetVoiceOptimalSampleRate : 1
Game 761890 method call count for IClientUserStats::RequestCurrentStats : 1
Game 761890 method call count for IClientUtils::RecordSteamInterfaceCreation : 26
Game 761890 method call count for IClientUtils::GetAppID : 28
Game 761890 method call count for IClientUtils::GetConnectedUniverse : 1
Game 761890 method call count for IClientFriends::GetPersonaName : 89067
Game 761890 method call count for IClientUser::GetAuthSessionTicket : 1
Game 761890 method call count for IClientUser::GetSteamID : 31
Game 761890 method call count for IClientUser::BLoggedOn : 1
Uploaded AppInterfaceStats to Steam

(process:27785): GLib-GObject-CRITICAL **: 02:00:51.668: g_object_unref: assertion 'G_IS_OBJECT (object)' failed
src/steamexe/main.cpp (254) : Assertion Failed: reaping pid: 27611 -- gameoverlayui

src/steamexe/main.cpp (254) : Assertion Failed: reaping pid: 27785 -- gameoverlayui

Controller device closed after hid_read failure
Steam: An X Error occurred
X Error of failed request:  BadWindow (invalid Window parameter)
Major opcode of failed request:  20 (X_GetProperty)
Resource id in failed request:  0x1
Serial number of failed request:  9
xerror_handler: X failed, continuing
Steam: An X Error occurred
X Error of failed request:  BadWindow (invalid Window parameter)
Major opcode of failed request:  20 (X_GetProperty)
Resource id in failed request:  0x1
Serial number of failed request:  9
xerror_handler: X failed, continuing
Steam: An X Error occurred
X Error of failed request:  BadWindow (invalid Window parameter)
Major opcode of failed request:  20 (X_GetProperty)
Resource id in failed request:  0x1
Serial number of failed request:  9
xerror_handler: X failed, continuing
Steam: An X Error occurred
X Error of failed request:  BadWindow (invalid Window parameter)
Major opcode of failed request:  20 (X_GetProperty)
Resource id in failed request:  0x1
Serial number of failed request:  9
xerror_handler: X failed, continuing
Steam: An X Error occurred
X Error of failed request:  BadWindow (invalid Window parameter)
Major opcode of failed request:  20 (X_GetProperty)
Resource id in failed request:  0x1
Serial number of failed request:  9
xerror_handler: X failed, continuing
Steam: An X Error occurred
X Error of failed request:  BadWindow (invalid Window parameter)
Major opcode of failed request:  20 (X_GetProperty)
Resource id in failed request:  0x1
Serial number of failed request:  9
xerror_handler: X failed, continuing
Steam: An X Error occurred
X Error of failed request:  BadWindow (invalid Window parameter)
Major opcode of failed request:  20 (X_GetProperty)
Resource id in failed request:  0x1
Serial number of failed request:  9
xerror_handler: X failed, continuing
Steam: An X Error occurred
X Error of failed request:  BadWindow (invalid Window parameter)
Major opcode of failed request:  20 (X_GetProperty)
Resource id in failed request:  0x1
Serial number of failed request:  9
xerror_handler: X failed, continuing
Steam: An X Error occurred
X Error of failed request:  BadWindow (invalid Window parameter)
Major opcode of failed request:  20 (X_GetProperty)
Resource id in failed request:  0x1
Serial number of failed request:  9
xerror_handler: X failed, continuing
Steam: An X Error occurred
X Error of failed request:  BadWindow (invalid Window parameter)
Major opcode of failed request:  20 (X_GetProperty)
Resource id in failed request:  0x1
Serial number of failed request:  9
xerror_handler: X failed, continuing
Steam: An X Error occurred
X Error of failed request:  BadWindow (invalid Window parameter)
Major opcode of failed request:  20 (X_GetProperty)
Resource id in failed request:  0x1
Serial number of failed request:  9
xerror_handler: X failed, continuing
Steam: An X Error occurred
X Error of failed request:  BadWindow (invalid Window parameter)
Major opcode of failed request:  20 (X_GetProperty)
Resource id in failed request:  0x1
Serial number of failed request:  9
xerror_handler: X failed, continuing
Steam: An X Error occurred
X Error of failed request:  BadWindow (invalid Window parameter)
Major opcode of failed request:  20 (X_GetProperty)
Resource id in failed request:  0x1
Serial number of failed request:  9
xerror_handler: X failed, continuing
Steam: An X Error occurred
X Error of failed request:  BadWindow (invalid Window parameter)
Major opcode of failed request:  20 (X_GetProperty)
Resource id in failed request:  0x1
Serial number of failed request:  9
xerror_handler: X failed, continuing
Steam: An X Error occurred
X Error of failed request:  BadWindow (invalid Window parameter)
Major opcode of failed request:  20 (X_GetProperty)
Resource id in failed request:  0x1
Serial number of failed request:  9
xerror_handler: X failed, continuing
Steam: An X Error occurred
X Error of failed request:  BadWindow (invalid Window parameter)
Major opcode of failed request:  20 (X_GetProperty)
Resource id in failed request:  0x1
Serial number of failed request:  9
xerror_handler: X failed, continuing
Steam: An X Error occurred
X Error of failed request:  BadWindow (invalid Window parameter)
Major opcode of failed request:  20 (X_GetProperty)
Resource id in failed request:  0x1
Serial number of failed request:  9
xerror_handler: X failed, continuing
Steam: An X Error occurred
X Error of failed request:  BadWindow (invalid Window parameter)
Major opcode of failed request:  20 (X_GetProperty)
Resource id in failed request:  0x1
Serial number of failed request:  9
xerror_handler: X failed, continuing
Steam: An X Error occurred
X Error of failed request:  BadWindow (invalid Window parameter)
Major opcode of failed request:  20 (X_GetProperty)
Resource id in failed request:  0x1
Serial number of failed request:  9
xerror_handler: X failed, continuing
Steam: An X Error occurred
X Error of failed request:  BadWindow (invalid Window parameter)
Major opcode of failed request:  20 (X_GetProperty)
Resource id in failed request:  0x1
Serial number of failed request:  9
xerror_handler: X failed, continuing
Steam: An X Error occurred
X Error of failed request:  BadWindow (invalid Window parameter)
Major opcode of failed request:  20 (X_GetProperty)
Resource id in failed request:  0x1
Serial number of failed request:  9
xerror_handler: X failed, continuing
Steam: An X Error occurred
X Error of failed request:  BadWindow (invalid Window parameter)
Major opcode of failed request:  20 (X_GetProperty)
Resource id in failed request:  0x1
Serial number of failed request:  9
xerror_handler: X failed, continuing
Steam: An X Error occurred
X Error of failed request:  BadWindow (invalid Window parameter)
Major opcode of failed request:  20 (X_GetProperty)
Resource id in failed request:  0x1
Serial number of failed request:  9
xerror_handler: X failed, continuing
Steam: An X Error occurred
X Error of failed request:  BadWindow (invalid Window parameter)
Major opcode of failed request:  20 (X_GetProperty)
Resource id in failed request:  0x1
Serial number of failed request:  9
xerror_handler: X failed, continuing
Steam: An X Error occurred
X Error of failed request:  BadWindow (invalid Window parameter)
Major opcode of failed request:  20 (X_GetProperty)
Resource id in failed request:  0x1
Serial number of failed request:  9
xerror_handler: X failed, continuing
Steam: An X Error occurred
X Error of failed request:  BadWindow (invalid Window parameter)
Major opcode of failed request:  20 (X_GetProperty)
Resource id in failed request:  0x1
Serial number of failed request:  9
xerror_handler: X failed, continuing
Steam: An X Error occurred
X Error of failed request:  BadWindow (invalid Window parameter)
Major opcode of failed request:  20 (X_GetProperty)
Resource id in failed request:  0x1
Serial number of failed request:  9
xerror_handler: X failed, continuing
Steam: An X Error occurred
X Error of failed request:  BadWindow (invalid Window parameter)
Major opcode of failed request:  20 (X_GetProperty)
Resource id in failed request:  0x1
Serial number of failed request:  9
xerror_handler: X failed, continuing
Steam: An X Error occurred
X Error of failed request:  BadWindow (invalid Window parameter)
Major opcode of failed request:  20 (X_GetProperty)
Resource id in failed request:  0x1
Serial number of failed request:  9
xerror_handler: X failed, continuing
Steam: An X Error occurred
X Error of failed request:  BadWindow (invalid Window parameter)
Major opcode of failed request:  20 (X_GetProperty)
Resource id in failed request:  0x1
Serial number of failed request:  9
xerror_handler: X failed, continuing
Steam: An X Error occurred
X Error of failed request:  BadWindow (invalid Window parameter)
Major opcode of failed request:  20 (X_GetProperty)
Resource id in failed request:  0x1
Serial number of failed request:  9
xerror_handler: X failed, continuing
Steam: An X Error occurred
X Error of failed request:  BadWindow (invalid Window parameter)
Major opcode of failed request:  20 (X_GetProperty)
Resource id in failed request:  0x1
Serial number of failed request:  9
xerror_handler: X failed, continuing
Steam: An X Error occurred
X Error of failed request:  BadWindow (invalid Window parameter)
Major opcode of failed request:  20 (X_GetProperty)
Resource id in failed request:  0x1
Serial number of failed request:  9
xerror_handler: X failed, continuing
Steam: An X Error occurred
X Error of failed request:  BadWindow (invalid Window parameter)
Major opcode of failed request:  20 (X_GetProperty)
Resource id in failed request:  0x1
Serial number of failed request:  9
xerror_handler: X failed, continuing
Steam: An X Error occurred
X Error of failed request:  BadWindow (invalid Window parameter)
Major opcode of failed request:  20 (X_GetProperty)
Resource id in failed request:  0x1
Serial number of failed request:  9
xerror_handler: X failed, continuing
Steam: An X Error occurred
X Error of failed request:  BadWindow (invalid Window parameter)
Major opcode of failed request:  20 (X_GetProperty)
Resource id in failed request:  0x1
Serial number of failed request:  9
xerror_handler: X failed, continuing
Steam: An X Error occurred
X Error of failed request:  BadWindow (invalid Window parameter)
Major opcode of failed request:  20 (X_GetProperty)
Resource id in failed request:  0x1
Serial number of failed request:  9
xerror_handler: X failed, continuing
Steam: An X Error occurred
X Error of failed request:  BadWindow (invalid Window parameter)
Major opcode of failed request:  20 (X_GetProperty)
Resource id in failed request:  0x1
Serial number of failed request:  9
xerror_handler: X failed, continuing
Steam: An X Error occurred
X Error of failed request:  BadWindow (invalid Window parameter)
Major opcode of failed request:  20 (X_GetProperty)
Resource id in failed request:  0x1
Serial number of failed request:  9
xerror_handler: X failed, continuing
Steam: An X Error occurred
X Error of failed request:  BadWindow (invalid Window parameter)
Major opcode of failed request:  20 (X_GetProperty)
Resource id in failed request:  0x1
Serial number of failed request:  9
xerror_handler: X failed, continuing
Steam: An X Error occurred
X Error of failed request:  BadWindow (invalid Window parameter)
Major opcode of failed request:  20 (X_GetProperty)
Resource id in failed request:  0x1
Serial number of failed request:  9
xerror_handler: X failed, continuing
Steam: An X Error occurred
X Error of failed request:  BadWindow (invalid Window parameter)
Major opcode of failed request:  20 (X_GetProperty)
Resource id in failed request:  0x1
Serial number of failed request:  9
xerror_handler: X failed, continuing
Steam: An X Error occurred
X Error of failed request:  BadWindow (invalid Window parameter)
Major opcode of failed request:  20 (X_GetProperty)
Resource id in failed request:  0x1
Serial number of failed request:  9
xerror_handler: X failed, continuing
Steam: An X Error occurred
X Error of failed request:  BadWindow (invalid Window parameter)
Major opcode of failed request:  20 (X_GetProperty)
Resource id in failed request:  0x1
Serial number of failed request:  9
xerror_handler: X failed, continuing
Steam: An X Error occurred
X Error of failed request:  BadWindow (invalid Window parameter)
Major opcode of failed request:  20 (X_GetProperty)
Resource id in failed request:  0x1
Serial number of failed request:  9
xerror_handler: X failed, continuing
Steam: An X Error occurred
X Error of failed request:  BadWindow (invalid Window parameter)
Major opcode of failed request:  20 (X_GetProperty)
Resource id in failed request:  0x1
Serial number of failed request:  9
xerror_handler: X failed, continuing
Steam: An X Error occurred
X Error of failed request:  BadWindow (invalid Window parameter)
Major opcode of failed request:  20 (X_GetProperty)
Resource id in failed request:  0x1
Serial number of failed request:  9
xerror_handler: X failed, continuing
Steam: An X Error occurred
X Error of failed request:  BadWindow (invalid Window parameter)
Major opcode of failed request:  20 (X_GetProperty)
Resource id in failed request:  0x1
Serial number of failed request:  9
xerror_handler: X failed, continuing
Steam: An X Error occurred
X Error of failed request:  BadWindow (invalid Window parameter)
Major opcode of failed request:  20 (X_GetProperty)
Resource id in failed request:  0x1
Serial number of failed request:  9
xerror_handler: X failed, continuing
Steam: An X Error occurred
X Error of failed request:  BadWindow (invalid Window parameter)
Major opcode of failed request:  20 (X_GetProperty)
Resource id in failed request:  0x1
Serial number of failed request:  9
xerror_handler: X failed, continuing
Steam: An X Error occurred
X Error of failed request:  BadWindow (invalid Window parameter)
Major opcode of failed request:  20 (X_GetProperty)
Resource id in failed request:  0x1
Serial number of failed request:  9
xerror_handler: X failed, continuing
Steam: An X Error occurred
X Error of failed request:  BadWindow (invalid Window parameter)
Major opcode of failed request:  20 (X_GetProperty)
Resource id in failed request:  0x1
Serial number of failed request:  9
xerror_handler: X failed, continuing
Steam: An X Error occurred
X Error of failed request:  BadWindow (invalid Window parameter)
Major opcode of failed request:  20 (X_GetProperty)
Resource id in failed request:  0x1
Serial number of failed request:  9
xerror_handler: X failed, continuing
Steam: An X Error occurred
X Error of failed request:  BadWindow (invalid Window parameter)
Major opcode of failed request:  20 (X_GetProperty)
Resource id in failed request:  0x1
Serial number of failed request:  9
xerror_handler: X failed, continuing
Steam: An X Error occurred
X Error of failed request:  BadWindow (invalid Window parameter)
Major opcode of failed request:  20 (X_GetProperty)
Resource id in failed request:  0x1
Serial number of failed request:  9
xerror_handler: X failed, continuing
Steam: An X Error occurred
X Error of failed request:  BadWindow (invalid Window parameter)
Major opcode of failed request:  20 (X_GetProperty)
Resource id in failed request:  0x1
Serial number of failed request:  9
xerror_handler: X failed, continuing
Steam: An X Error occurred
X Error of failed request:  BadWindow (invalid Window parameter)
Major opcode of failed request:  20 (X_GetProperty)
Resource id in failed request:  0x1
Serial number of failed request:  9
xerror_handler: X failed, continuing
Steam: An X Error occurred
X Error of failed request:  BadWindow (invalid Window parameter)
Major opcode of failed request:  20 (X_GetProperty)
Resource id in failed request:  0x1
Serial number of failed request:  9
xerror_handler: X failed, continuing
Steam: An X Error occurred
X Error of failed request:  BadWindow (invalid Window parameter)
Major opcode of failed request:  20 (X_GetProperty)
Resource id in failed request:  0x1
Serial number of failed request:  9
xerror_handler: X failed, continuing
Steam: An X Error occurred
X Error of failed request:  BadWindow (invalid Window parameter)
Major opcode of failed request:  20 (X_GetProperty)
Resource id in failed request:  0x1
Serial number of failed request:  9
xerror_handler: X failed, continuing
Steam: An X Error occurred
X Error of failed request:  BadWindow (invalid Window parameter)
Major opcode of failed request:  20 (X_GetProperty)
Resource id in failed request:  0x1
Serial number of failed request:  9
xerror_handler: X failed, continuing
Steam: An X Error occurred
X Error of failed request:  BadWindow (invalid Window parameter)
Major opcode of failed request:  20 (X_GetProperty)
Resource id in failed request:  0x1
Serial number of failed request:  9
xerror_handler: X failed, continuing
Steam: An X Error occurred
X Error of failed request:  BadWindow (invalid Window parameter)
Major opcode of failed request:  20 (X_GetProperty)
Resource id in failed request:  0x1
Serial number of failed request:  9
xerror_handler: X failed, continuing
Steam: An X Error occurred
X Error of failed request:  BadWindow (invalid Window parameter)
Major opcode of failed request:  20 (X_GetProperty)
Resource id in failed request:  0x1
Serial number of failed request:  9
xerror_handler: X failed, continuing
Steam: An X Error occurred
X Error of failed request:  BadWindow (invalid Window parameter)
Major opcode of failed request:  20 (X_GetProperty)
Resource id in failed request:  0x1
Serial number of failed request:  9
xerror_handler: X failed, continuing
Steam: An X Error occurred
X Error of failed request:  BadWindow (invalid Window parameter)
Major opcode of failed request:  20 (X_GetProperty)
Resource id in failed request:  0x1
Serial number of failed request:  9
xerror_handler: X failed, continuing
Steam: An X Error occurred
X Error of failed request:  BadWindow (invalid Window parameter)
Major opcode of failed request:  20 (X_GetProperty)
Resource id in failed request:  0x1
Serial number of failed request:  9
xerror_handler: X failed, continuing
Steam: An X Error occurred
X Error of failed request:  BadWindow (invalid Window parameter)
Major opcode of failed request:  20 (X_GetProperty)
Resource id in failed request:  0x1
Serial number of failed request:  9
xerror_handler: X failed, continuing
Steam: An X Error occurred
X Error of failed request:  BadWindow (invalid Window parameter)
Major opcode of failed request:  20 (X_GetProperty)
Resource id in failed request:  0x1
Serial number of failed request:  9
xerror_handler: X failed, continuing
Steam: An X Error occurred
X Error of failed request:  BadWindow (invalid Window parameter)
Major opcode of failed request:  20 (X_GetProperty)
Resource id in failed request:  0x1
Serial number of failed request:  9
xerror_handler: X failed, continuing
Steam: An X Error occurred
X Error of failed request:  BadWindow (invalid Window parameter)
Major opcode of failed request:  20 (X_GetProperty)
Resource id in failed request:  0x1
Serial number of failed request:  9
xerror_handler: X failed, continuing
Steam: An X Error occurred
X Error of failed request:  BadWindow (invalid Window parameter)
Major opcode of failed request:  20 (X_GetProperty)
Resource id in failed request:  0x1
Serial number of failed request:  9
xerror_handler: X failed, continuing
Steam: An X Error occurred
X Error of failed request:  BadWindow (invalid Window parameter)
Major opcode of failed request:  20 (X_GetProperty)
Resource id in failed request:  0x1
Serial number of failed request:  9
xerror_handler: X failed, continuing
Steam: An X Error occurred
X Error of failed request:  BadWindow (invalid Window parameter)
Major opcode of failed request:  20 (X_GetProperty)
Resource id in failed request:  0x1
Serial number of failed request:  9
xerror_handler: X failed, continuing
Steam: An X Error occurred
X Error of failed request:  BadWindow (invalid Window parameter)
Major opcode of failed request:  20 (X_GetProperty)
Resource id in failed request:  0x1
Serial number of failed request:  9
xerror_handler: X failed, continuing
Steam: An X Error occurred
X Error of failed request:  BadWindow (invalid Window parameter)
Major opcode of failed request:  20 (X_GetProperty)
Resource id in failed request:  0x1
Serial number of failed request:  9
xerror_handler: X failed, continuing
Could not connect to X session manager: None of the authentication protocols specified are supported
Could not connect to X session manager: None of the authentication protocols specified are supported
Steam: An X Error occurred
X Error of failed request:  BadWindow (invalid Window parameter)
Major opcode of failed request:  20 (X_GetProperty)
Resource id in failed request:  0x1
Serial number of failed request:  9
xerror_handler: X failed, continuing
src/steamexe/main.cpp (254) : Assertion Failed: reaping pid: 27785 -- gameoverlayui


(steam:22846): GLib-GObject-CRITICAL **: 03:13:38.821: g_object_unref: assertion 'G_IS_OBJECT (object)' failed

(steam:22846): GLib-GObject-CRITICAL **: 03:13:38.823: g_object_unref: assertion 'G_IS_OBJECT (object)' failed
[2023-02-12 03:13:38] Shutdown
