steam.sh[33242]: Running Steam on linuxmint 20.2 64-bit
steam.sh[33242]: STEAM_RUNTIME is enabled automatically
setup.sh[33380]: Steam runtime environment up-to-date!
steam.sh[33242]: Steam client's requirements are satisfied
Loaded SDL version 3.0.0-765-gc4db0725e
Gtk-Message: 00:31:32.808: Failed to load module "gail"
Gtk-Message: 00:31:32.808: Failed to load module "atk-bridge"

(steam:33462): Gtk-WARNING **: 00:31:32.813: Unable to locate theme engine in module_path: "adwaita",
/usr/share/themes/Mint-Y-Dark-Teal/gtk-2.0/main.rc:1085: error: unexpected identifier 'direction', expected character '}'
GetWin32Stats: display was not open yet, good
steamwebhelper.sh[33466]: Runtime for steamwebhelper: defaulting to /home/fresh/.local/share/Steam/ubuntu12_64/steam-runtime-heavy
steamwebhelper.sh[33466]: Using CEF sandbox (try with -no-cef-sandbox if this fails)
Could not connect to X session manager: Could not open network socket
CAppInfoCacheReadFromDiskThread took 85 milliseconds to initialize
Failed to init SteamVR because it isn't installed
MESA-INTEL: warning: Performance support disabled, consider sysctl dev.i915.perf_stream_paranoid=0

MESA-INTEL: warning: Performance support disabled, consider sysctl dev.i915.perf_stream_paranoid=0

Could not connect to X session manager: Could not open network socket
Could not connect to X session manager: Could not open network socket

(steam:33462): Gtk-WARNING **: 00:31:45.287: gtk_disable_setlocale() must be called before gtk_init()
local (potentially out of sync) copy of roaming config loaded - 860 bytes.
roaming config store loaded successfully - 860 bytes.
migrating temporary roaming config store
BRefreshApplicationsInLibrary 1: 2ms
Could not connect to X session manager: Could not open network socket
Could not connect to X session manager: Could not open network socket
Could not connect to X session manager: Could not open network socket
Could not connect to X session manager: Could not open network socket
Could not connect to X session manager: Could not open network socket
Could not connect to X session manager: Could not open network socket
Could not connect to X session manager: Could not open network socket
Could not connect to X session manager: Could not open network socket
Could not connect to X session manager: Could not open network socket
Could not connect to X session manager: Could not open network socket
Could not connect to X session manager: Could not open network socket
Could not connect to X session manager: Could not open network socket
Could not connect to X session manager: Could not open network socket
Could not connect to X session manager: Could not open network socket
Could not connect to X session manager: Could not open network socket
Could not connect to X session manager: Could not open network socket
Could not connect to X session manager: Could not open network socket
Could not connect to X session manager: Could not open network socket
Could not connect to X session manager: Could not open network socket
Could not connect to X session manager: Could not open network socket
Could not connect to X session manager: Could not open network socket
Could not connect to X session manager: Could not open network socket
Could not connect to X session manager: Could not open network socket
Could not connect to X session manager: Could not open network socket
Could not connect to X session manager: Could not open network socket
Could not connect to X session manager: Could not open network socket
GetWin32Stats: restoring previous glx context
Could not connect to X session manager: Could not open network socket
Could not connect to X session manager: Could not open network socket
Could not connect to X session manager: Could not open network socket
Could not connect to X session manager: Could not open network socket
Could not connect to X session manager: Could not open network socket
Could not connect to X session manager: Could not open network socket
Could not connect to X session manager: Could not open network socket
Could not connect to X session manager: Could not open network socket
Could not connect to X session manager: Could not open network socket
Could not connect to X session manager: Could not open network socket
Could not connect to X session manager: Could not open network socket
Could not connect to X session manager: Could not open network socket
Could not connect to X session manager: Could not open network socket
Could not connect to X session manager: Could not open network socket
Could not connect to X session manager: Could not open network socket
Could not connect to X session manager: Could not open network socket
Could not connect to X session manager: Could not open network socket
Could not connect to X session manager: Could not open network socket
Could not connect to X session manager: Could not open network socket
Could not connect to X session manager: Could not open network socket
Could not connect to X session manager: Could not open network socket
Could not connect to X session manager: Could not open network socket
ExecCommandLine: "'/home/fresh/.local/share/Steam/ubuntu12_32/steam'"
System startup time: 20.94 seconds
Could not connect to X session manager: Could not open network socket

(steam:33462): LIBDBUSMENU-GLIB-WARNING **: 00:31:53.745: Trying to remove a child that doesn't believe we're it's parent.

(steam:33462): LIBDBUSMENU-GLIB-WARNING **: 00:31:53.745: Trying to remove a child that doesn't believe we're it's parent.

(steam:33462): LIBDBUSMENU-GLIB-WARNING **: 00:31:53.745: Trying to remove a child that doesn't believe we're it's parent.

(steam:33462): LIBDBUSMENU-GLIB-WARNING **: 00:31:53.745: Trying to remove a child that doesn't believe we're it's parent.

(steam:33462): LIBDBUSMENU-GLIB-WARNING **: 00:31:53.745: Trying to remove a child that doesn't believe we're it's parent.

(steam:33462): LIBDBUSMENU-GLIB-WARNING **: 00:31:53.745: Trying to remove a child that doesn't believe we're it's parent.

(steam:33462): LIBDBUSMENU-GLIB-WARNING **: 00:31:53.745: Trying to remove a child that doesn't believe we're it's parent.

(steam:33462): LIBDBUSMENU-GLIB-WARNING **: 00:31:53.745: Trying to remove a child that doesn't believe we're it's parent.

(steam:33462): LIBDBUSMENU-GLIB-WARNING **: 00:31:53.745: Trying to remove a child that doesn't believe we're it's parent.

(steam:33462): LIBDBUSMENU-GLIB-WARNING **: 00:31:53.746: Trying to remove a child that doesn't believe we're it's parent.

(steam:33462): LIBDBUSMENU-GLIB-WARNING **: 00:31:53.746: Trying to remove a child that doesn't believe we're it's parent.

(steam:33462): LIBDBUSMENU-GLIB-WARNING **: 00:31:53.746: Trying to remove a child that doesn't believe we're it's parent.

(steam:33462): LIBDBUSMENU-GLIB-WARNING **: 00:31:53.746: Trying to remove a child that doesn't believe we're it's parent.

(steam:33462): LIBDBUSMENU-GLIB-WARNING **: 00:31:53.746: Trying to remove a child that doesn't believe we're it's parent.

(steam:33462): LIBDBUSMENU-GLIB-WARNING **: 00:31:53.746: Trying to remove a child that doesn't believe we're it's parent.

(steam:33462): LIBDBUSMENU-GLIB-WARNING **: 00:31:53.746: Trying to remove a child that doesn't believe we're it's parent.
Could not connect to X session manager: Could not open network socket
Could not connect to X session manager: Could not open network socket
Could not connect to X session manager: Could not open network socket
Could not connect to X session manager: Could not open network socket
BuildCompleteAppOverviewChange: 347 apps
RegisterForAppOverview 1: 5ms
RegisterForAppOverview 2: 5ms
Local Device Found
  type: 045e 028e
  path: sdl://1
  serial_number:  - 0
  Manufacturer: 
  Product:      X360 Controller
  Release:      303
  Interface:    -1

!! Steam controller device opened for index 0.
Could not connect to X session manager: Could not open network socket
Could not connect to X session manager: Could not open network socket
Could not connect to X session manager: Could not open network socket
Could not connect to X session manager: Could not open network socket
Could not connect to X session manager: Could not open network socket
GameAction [AppID 761890, ActionID 1] : LaunchApp changed task to ProcessingInstallScript with ""
GameAction [AppID 761890, ActionID 1] : LaunchApp changed task to SynchronizingControllerConfig with ""
GameAction [AppID 761890, ActionID 1] : LaunchApp changed task to SiteLicenseSeatCheckout with ""
GameAction [AppID 761890, ActionID 1] : LaunchApp changed task to CreatingProcess with ""
GameAction [AppID 761890, ActionID 1] : LaunchApp waiting for user response to CreatingProcess ""
GameAction [AppID 761890, ActionID 1] : LaunchApp continues with user response "CreatingProcess"
/bin/sh\0-c\0/home/fresh/.local/share/Steam/ubuntu12_32/reaper SteamLaunch AppId=761890 -- /home/fresh/.local/share/Steam/ubuntu12_32/steam-launch-wrapper -- '/home/fresh/.local/share/Steam/steamapps/common/Albion Online/Albion-Online' -steam\0
Game process added : AppID 761890 "/home/fresh/.local/share/Steam/ubuntu12_32/reaper SteamLaunch AppId=761890 -- /home/fresh/.local/share/Steam/ubuntu12_32/steam-launch-wrapper -- '/home/fresh/.local/share/Steam/steamapps/common/Albion Online/Albion-Online' -steam", ProcID 34560, IP 0.0.0.0:0
ERROR: ld.so: object '/home/fresh/.local/share/Steam/ubuntu12_32/gameoverlayrenderer.so' from LD_PRELOAD cannot be preloaded (wrong ELF class: ELFCLASS32): ignored.
GameAction [AppID 761890, ActionID 1] : LaunchApp changed task to WaitingGameWindow with ""
ERROR: ld.so: object '/home/fresh/.local/share/Steam/ubuntu12_64/gameoverlayrenderer.so' from LD_PRELOAD cannot be preloaded (wrong ELF class: ELFCLASS64): ignored.
ERROR: ld.so: object '/home/fresh/.local/share/Steam/ubuntu12_32/gameoverlayrenderer.so' from LD_PRELOAD cannot be preloaded (wrong ELF class: ELFCLASS32): ignored.
ERROR: ld.so: object '/home/fresh/.local/share/Steam/ubuntu12_32/gameoverlayrenderer.so' from LD_PRELOAD cannot be preloaded (wrong ELF class: ELFCLASS32): ignored.
ERROR: ld.so: object '/home/fresh/.local/share/Steam/ubuntu12_32/gameoverlayrenderer.so' from LD_PRELOAD cannot be preloaded (wrong ELF class: ELFCLASS32): ignored.
GameAction [AppID 761890, ActionID 1] : LaunchApp changed task to Completed with ""

(steam:33462): LIBDBUSMENU-GLIB-WARNING **: 01:10:34.265: Trying to remove a child that doesn't believe we're it's parent.

(steam:33462): LIBDBUSMENU-GLIB-WARNING **: 01:10:34.265: Trying to remove a child that doesn't believe we're it's parent.

(steam:33462): LIBDBUSMENU-GLIB-WARNING **: 01:10:34.265: Trying to remove a child that doesn't believe we're it's parent.

(steam:33462): LIBDBUSMENU-GLIB-WARNING **: 01:10:34.265: Trying to remove a child that doesn't believe we're it's parent.

(steam:33462): LIBDBUSMENU-GLIB-WARNING **: 01:10:34.265: Trying to remove a child that doesn't believe we're it's parent.

(steam:33462): LIBDBUSMENU-GLIB-WARNING **: 01:10:34.265: Trying to remove a child that doesn't believe we're it's parent.

(steam:33462): LIBDBUSMENU-GLIB-WARNING **: 01:10:34.265: Trying to remove a child that doesn't believe we're it's parent.

(steam:33462): LIBDBUSMENU-GLIB-WARNING **: 01:10:34.265: Trying to remove a child that doesn't believe we're it's parent.

(steam:33462): LIBDBUSMENU-GLIB-WARNING **: 01:10:34.266: Trying to remove a child that doesn't believe we're it's parent.

(steam:33462): LIBDBUSMENU-GLIB-WARNING **: 01:10:34.266: Trying to remove a child that doesn't believe we're it's parent.

(steam:33462): LIBDBUSMENU-GLIB-WARNING **: 01:10:34.266: Trying to remove a child that doesn't believe we're it's parent.

(steam:33462): LIBDBUSMENU-GLIB-WARNING **: 01:10:34.266: Trying to remove a child that doesn't believe we're it's parent.

(steam:33462): LIBDBUSMENU-GLIB-WARNING **: 01:10:34.266: Trying to remove a child that doesn't believe we're it's parent.

(steam:33462): LIBDBUSMENU-GLIB-WARNING **: 01:10:34.266: Trying to remove a child that doesn't believe we're it's parent.

(steam:33462): LIBDBUSMENU-GLIB-WARNING **: 01:10:34.266: Trying to remove a child that doesn't believe we're it's parent.
ERROR: ld.so: object '/home/fresh/.local/share/Steam/ubuntu12_32/gameoverlayrenderer.so' from LD_PRELOAD cannot be preloaded (wrong ELF class: ELFCLASS32): ignored.

(steam:33462): LIBDBUSMENU-GLIB-WARNING **: 01:10:34.266: Trying to remove a child that doesn't believe we're it's parent.
ERROR: ld.so: object '/home/fresh/.local/share/Steam/ubuntu12_32/gameoverlayrenderer.so' from LD_PRELOAD cannot be preloaded (wrong ELF class: ELFCLASS32): ignored.
[S_API] SteamAPI_Init(): Loaded '/home/fresh/.local/share/Steam/linux64/steamclient.so' OK.
Game process updated : AppID 761890 "/home/fresh/.local/share/Steam/ubuntu12_32/reaper SteamLaunch AppId=761890 -- /home/fresh/.local/share/Steam/ubuntu12_32/steam-launch-wrapper -- '/home/fresh/.local/share/Steam/steamapps/common/Albion Online/Albion-Online' -steam", ProcID 34567, IP 0.0.0.0:0
Setting breakpad minidump AppID = 761890
SteamInternal_SetMinidumpSteamID:  Caching Steam ID:  76561198197000002 [API loaded no]
ERROR: ld.so: object '/home/fresh/.local/share/Steam/ubuntu12_32/gameoverlayrenderer.so' from LD_PRELOAD cannot be preloaded (wrong ELF class: ELFCLASS32): ignored.
ERROR: ld.so: object '/home/fresh/.local/share/Steam/ubuntu12_32/gameoverlayrenderer.so' from LD_PRELOAD cannot be preloaded (wrong ELF class: ELFCLASS32): ignored.
ERROR: ld.so: object '/home/fresh/.local/share/Steam/ubuntu12_32/gameoverlayrenderer.so' from LD_PRELOAD cannot be preloaded (wrong ELF class: ELFCLASS32): ignored.
BuildCompleteAppOverviewChange: 347 apps
RegisterForAppOverview 1: 6ms
RegisterForAppOverview 2: 7ms
ThreadGetProcessExitCode: no such process 34566
ThreadGetProcessExitCode: no such process 34565
ThreadGetProcessExitCode: no such process 34564
ERROR: ld.so: object '/home/fresh/.local/share/Steam/ubuntu12_32/gameoverlayrenderer.so' from LD_PRELOAD cannot be preloaded (wrong ELF class: ELFCLASS32): ignored.
pid 34696 != 34691, skipping destruction (fork without exec?)
pid 34697 != 34691, skipping destruction (fork without exec?)
pid 34700 != 34691, skipping destruction (fork without exec?)
ERROR: ld.so: object '/home/fresh/.local/share/Steam/ubuntu12_32/gameoverlayrenderer.so' from LD_PRELOAD cannot be preloaded (wrong ELF class: ELFCLASS32): ignored.
pid 34699 != 34691, skipping destruction (fork without exec?)
pid 34703 != 34691, skipping destruction (fork without exec?)
ERROR: ld.so: object '/home/fresh/.local/share/Steam/ubuntu12_32/gameoverlayrenderer.so' from LD_PRELOAD cannot be preloaded (wrong ELF class: ELFCLASS32): ignored.
pid 34702 != 34691, skipping destruction (fork without exec?)
pid 34706 != 34691, skipping destruction (fork without exec?)
ERROR: ld.so: object '/home/fresh/.local/share/Steam/ubuntu12_32/gameoverlayrenderer.so' from LD_PRELOAD cannot be preloaded (wrong ELF class: ELFCLASS32): ignored.
ThreadGetProcessExitCode: no such process 34704
ThreadGetProcessExitCode: no such process 34701
ThreadGetProcessExitCode: no such process 34698
ThreadGetProcessExitCode: no such process 34631
ThreadGetProcessExitCode: no such process 34630
pid 34705 != 34691, skipping destruction (fork without exec?)
pid 34709 != 34691, skipping destruction (fork without exec?)
ERROR: ld.so: object '/home/fresh/.local/share/Steam/ubuntu12_32/gameoverlayrenderer.so' from LD_PRELOAD cannot be preloaded (wrong ELF class: ELFCLASS32): ignored.
pid 34708 != 34691, skipping destruction (fork without exec?)
pid 34712 != 34691, skipping destruction (fork without exec?)
ERROR: ld.so: object '/home/fresh/.local/share/Steam/ubuntu12_32/gameoverlayrenderer.so' from LD_PRELOAD cannot be preloaded (wrong ELF class: ELFCLASS32): ignored.
pid 34711 != 34691, skipping destruction (fork without exec?)
pid 34715 != 34691, skipping destruction (fork without exec?)
ERROR: ld.so: object '/home/fresh/.local/share/Steam/ubuntu12_32/gameoverlayrenderer.so' from LD_PRELOAD cannot be preloaded (wrong ELF class: ELFCLASS32): ignored.
pid 34714 != 34691, skipping destruction (fork without exec?)
pid 34718 != 34691, skipping destruction (fork without exec?)
ERROR: ld.so: object '/home/fresh/.local/share/Steam/ubuntu12_32/gameoverlayrenderer.so' from LD_PRELOAD cannot be preloaded (wrong ELF class: ELFCLASS32): ignored.
pid 34717 != 34691, skipping destruction (fork without exec?)
ERROR: ld.so: object '/home/fresh/.local/share/Steam/ubuntu12_32/gameoverlayrenderer.so' from LD_PRELOAD cannot be preloaded (wrong ELF class: ELFCLASS32): ignored.
ERROR: ld.so: object '/home/fresh/.local/share/Steam/ubuntu12_32/gameoverlayrenderer.so' from LD_PRELOAD cannot be preloaded (wrong ELF class: ELFCLASS32): ignored.
ThreadGetProcessExitCode: no such process 34720
ThreadGetProcessExitCode: no such process 34719
ThreadGetProcessExitCode: no such process 34716
ThreadGetProcessExitCode: no such process 34713
ThreadGetProcessExitCode: no such process 34710
ThreadGetProcessExitCode: no such process 34707

(process:34639): GLib-GObject-CRITICAL **: 01:10:40.384: g_object_unref: assertion 'G_IS_OBJECT (object)' failed
[2023-02-18 00:31:32] Startup - updater built Feb 14 2023 00:47:09
[2023-02-18 00:31:32] Startup - Steam Client launched with: '/home/fresh/.local/share/Steam/ubuntu12_32/steam'
[2023-02-18 00:31:32] Loading cached metrics from disk (/home/fresh/.local/share/Steam/package/steam_client_metrics.bin)
[2023-02-18 00:31:32] Using the following download hosts for Public, Realm steamglobal
[2023-02-18 00:31:32] 1. https://client-update.akamai.steamstatic.com, /, Realm 'steamglobal', weight was 1000, source = 'update_hosts_cached.vdf'
[2023-02-18 00:31:32] 2. https://cdn.cloudflare.steamstatic.com, /client/, Realm 'steamglobal', weight was 1, source = 'update_hosts_cached.vdf'
[2023-02-18 00:31:32] 3. http://media.steampowered.com, /client/, Realm 'steamglobal', weight was 1, source = 'baked in'
[2023-02-18 00:31:32] Verifying installation...
[2023-02-18 00:31:32] Verification complete
XRRGetOutputInfo Workaround: initialized with override: 0 real: 0xf35fa370
XRRGetCrtcInfo Workaround: initialized with override: 0 real: 0xf35f8cc0
[2023-02-18 00:33:34] Background update loop checking for update. . .
[2023-02-18 00:33:34] Checking for available updates...
[2023-02-18 00:33:34] Downloading manifest: https://client-update.akamai.steamstatic.com/steam_client_ubuntu12
[2023-02-18 00:33:34] Manifest download: send request
[2023-02-18 00:33:34] Manifest download: waiting for download to finish
[2023-02-18 00:33:35] Manifest download: finished
[2023-02-18 00:33:35] Download skipped: /steam_client_ubuntu12 version 1676336721, installed version 1676336721, existing pending version 0
[2023-02-18 00:33:35] Nothing to do
src/steamexe/main.cpp (254) : Assertion Failed: reaping pid: 34639 -- gameoverlayui

assert_20230218011050_36.dmp[34821]: Uploading dump (out-of-process)
/tmp/dumps/assert_20230218011050_36.dmp
assert_20230218011050_36.dmp[34821]: Finished uploading minidump (out-of-process): success = yes
assert_20230218011050_36.dmp[34821]: response: CrashID=bp-37e9e2f3-6108-48eb-9e25-746a32230218
assert_20230218011050_36.dmp[34821]: file ''/tmp/dumps/assert_20230218011050_36.dmp'', upload yes: ''CrashID=bp-37e9e2f3-6108-48eb-9e25-746a32230218''
Game process updated : AppID 761890 "/home/fresh/.local/share/Steam/ubuntu12_32/reaper SteamLaunch AppId=761890 -- /home/fresh/.local/share/Steam/ubuntu12_32/steam-launch-wrapper -- '/home/fresh/.local/share/Steam/steamapps/common/Albion Online/Albion-Online' -steam", ProcID 34691, IP 0.0.0.0:0
Game process removed: AppID 761890 "/home/fresh/.local/share/Steam/ubuntu12_32/reaper SteamLaunch AppId=761890 -- /home/fresh/.local/share/Steam/ubuntu12_32/steam-launch-wrapper -- '/home/fresh/.local/share/Steam/steamapps/common/Albion Online/Albion-Online' -steam", ProcID 34691 
ThreadGetProcessExitCode: no such process 34848
ThreadGetProcessExitCode: no such process 34847
ThreadGetProcessExitCode: no such process 34691
ThreadGetProcessExitCode: no such process 34594
ThreadGetProcessExitCode: no such process 34578
ThreadGetProcessExitCode: no such process 34579
ThreadGetProcessExitCode: no such process 34567
ThreadGetProcessExitCode: no such process 34563
Game 761890 created interface STEAMAPPS_INTERFACE_VERSION008 / 
Game 761890 created interface STEAMINVENTORY_INTERFACE_V003 / 
Game 761890 created interface STEAMMUSIC_INTERFACE_VERSION001 / 
Game 761890 created interface STEAMPARENTALSETTINGS_INTERFACE_VERSION001 / 
Game 761890 created interface STEAMREMOTEPLAY_INTERFACE_VERSION001 / 
Game 761890 created interface STEAMREMOTESTORAGE_INTERFACE_VERSION016 / 
Game 761890 created interface STEAMSCREENSHOTS_INTERFACE_VERSION003 / 
Game 761890 created interface STEAMUGC_INTERFACE_VERSION016 / 
Game 761890 created interface STEAMUSERSTATS_INTERFACE_VERSION012 / 
Game 761890 created interface STEAMVIDEO_INTERFACE_V002 / 
Game 761890 created interface SteamController008 / 
Game 761890 created interface SteamFriends017 / 
Game 761890 created interface SteamInput006 / 
Game 761890 created interface SteamMatchMaking009 / 
Game 761890 created interface SteamMatchMakingServers002 / 
Game 761890 created interface SteamNetworking006 / 
Game 761890 created interface SteamNetworkingSockets012 / 
Game 761890 created interface SteamNetworkingUtils004 / 
Game 761890 created interface SteamParties002 / 
Game 761890 created interface SteamUser021 / 
Game 761890 created interface SteamUser021 / User
Game 761890 created interface SteamUtils010 / 
Game 761890 method call count for IClientNetworkingSocketsSerialized::GetSTUNServer : 2
Game 761890 method call count for IClientAudio::GetVoiceOptimalSampleRate : 1
Game 761890 method call count for IClientUserStats::RequestCurrentStats : 1
Game 761890 method call count for IClientUtils::RecordSteamInterfaceCreation : 26
Game 761890 method call count for IClientUtils::GetAppID : 28
Game 761890 method call count for IClientUtils::GetConnectedUniverse : 1
Game 761890 method call count for IClientFriends::GetPersonaName : 147670
Game 761890 method call count for IClientUser::GetAuthSessionTicket : 1
Game 761890 method call count for IClientUser::GetSteamID : 23
Game 761890 method call count for IClientUser::BLoggedOn : 1
Uploaded AppInterfaceStats to Steam

(process:34766): GLib-GObject-CRITICAL **: 01:59:48.777: g_object_unref: assertion 'G_IS_OBJECT (object)' failed
src/steamexe/main.cpp (254) : Assertion Failed: reaping pid: 34639 -- gameoverlayui

src/steamexe/main.cpp (254) : Assertion Failed: reaping pid: 34766 -- gameoverlayui

Could not connect to X session manager: Could not open network socket
Could not connect to X session manager: Could not open network socket
Could not connect to X session manager: Could not open network socket
src/steamexe/main.cpp (254) : Assertion Failed: reaping pid: 34766 -- gameoverlayui


(steam:33462): GLib-GObject-CRITICAL **: 03:09:17.070: g_object_unref: assertion 'G_IS_OBJECT (object)' failed

(steam:33462): GLib-GObject-CRITICAL **: 03:09:17.071: g_object_unref: assertion 'G_IS_OBJECT (object)' failed
[2023-02-18 03:09:17] Shutdown
