steam.sh[54532]: Running Steam on linuxmint 20.2 64-bit
steam.sh[54532]: STEAM_RUNTIME is enabled automatically
setup.sh[54671]: Steam runtime environment up-to-date!
steam.sh[54532]: Steam client's requirements are satisfied
Installing breakpad exception handler for appid(steam)/version(1671236931)
Installing breakpad exception handler for appid(steam)/version(1671236931)
Loaded SDL version 2.27.0-p7692409
Gtk-Message: 18:01:28.505: Failed to load module "gail"
Gtk-Message: 18:01:28.506: Failed to load module "atk-bridge"

(steam:54753): Gtk-WARNING **: 18:01:28.510: Unable to locate theme engine in module_path: "adwaita",
/usr/share/themes/Mint-Y-Dark-Teal/gtk-2.0/main.rc:1085: error: unexpected identifier 'direction', expected character '}'
steamwebhelper.sh[54760]: Runtime for steamwebhelper: defaulting to /home/fresh/.local/share/Steam/ubuntu12_64/steam-runtime-heavy
Installing breakpad exception handler for appid(steam)/version(1671236931)
steamwebhelper.sh[54760]: Using CEF sandbox (try with -no-cef-sandbox if this fails)
Could not connect to X session manager: None of the authentication protocols specified are supported
Installing breakpad exception handler for appid(steam)/version(1671236931)
Installing breakpad exception handler for appid(steam)/version(1671236931)
Installing breakpad exception handler for appid(steam)/version(1671236931)
Installing breakpad exception handler for appid(steam)/version(1671236931)
Installing breakpad exception handler for appid(steam)/version(1671236931)
Installing breakpad exception handler for appid(steam)/version(1671236931)
Installing breakpad exception handler for appid(steam)/version(1671236931)
Installing breakpad exception handler for appid(steam)/version(1671236931)
Installing breakpad exception handler for appid(steam)/version(1671236931)
Installing breakpad exception handler for appid(steam)/version(1671236931)
Installing breakpad exception handler for appid(steam)/version(1671236931)
CAppInfoCacheReadFromDiskThread took 220 milliseconds to initialize
Installing breakpad exception handler for appid(steam)/version(1671236931)
Installing breakpad exception handler for appid(steam)/version(1671236931)
Installing breakpad exception handler for appid(steam)/version(1671236931)
Installing breakpad exception handler for appid(steam)/version(1671236931)
Installing breakpad exception handler for appid(steam)/version(1671236931)
Installing breakpad exception handler for appid(steam)/version(1671236931)
Installing breakpad exception handler for appid(steam)/version(1671236931)
Installing breakpad exception handler for appid(steam)/version(1671236931)
MESA-INTEL: warning: Performance support disabled, consider sysctl dev.i915.perf_stream_paranoid=0

MESA-INTEL: warning: Performance support disabled, consider sysctl dev.i915.perf_stream_paranoid=0

Could not connect to X session manager: None of the authentication protocols specified are supported
Could not connect to X session manager: None of the authentication protocols specified are supported

(steam:54753): Gtk-WARNING **: 18:01:40.026: gtk_disable_setlocale() must be called before gtk_init()
Installing breakpad exception handler for appid(steam)/version(1671236931)
local (potentially out of sync) copy of roaming config loaded - 229 bytes.
Installing breakpad exception handler for appid(steam)/version(1671236931)
Installing breakpad exception handler for appid(steam)/version(1671236931)
roaming config store loaded successfully - 229 bytes.
migrating temporary roaming config store
Installing breakpad exception handler for appid(steam)/version(1671236931)
BRefreshApplicationsInLibrary 1: 0ms
Could not connect to X session manager: None of the authentication protocols specified are supported
Could not connect to X session manager: None of the authentication protocols specified are supported
Could not connect to X session manager: None of the authentication protocols specified are supported
Could not connect to X session manager: None of the authentication protocols specified are supported
Could not connect to X session manager: None of the authentication protocols specified are supported
Could not connect to X session manager: None of the authentication protocols specified are supported
Could not connect to X session manager: None of the authentication protocols specified are supported
Could not connect to X session manager: None of the authentication protocols specified are supported
Could not connect to X session manager: None of the authentication protocols specified are supported
Could not connect to X session manager: None of the authentication protocols specified are supported
Could not connect to X session manager: None of the authentication protocols specified are supported
Could not connect to X session manager: None of the authentication protocols specified are supported
Could not connect to X session manager: None of the authentication protocols specified are supported
Could not connect to X session manager: None of the authentication protocols specified are supported
Installing breakpad exception handler for appid(steam)/version(1671236931)
Could not connect to X session manager: None of the authentication protocols specified are supported
Could not connect to X session manager: None of the authentication protocols specified are supported
Could not connect to X session manager: None of the authentication protocols specified are supported
Could not connect to X session manager: None of the authentication protocols specified are supported
Could not connect to X session manager: None of the authentication protocols specified are supported
Could not connect to X session manager: None of the authentication protocols specified are supported
Could not connect to X session manager: None of the authentication protocols specified are supported
Could not connect to X session manager: None of the authentication protocols specified are supported
Could not connect to X session manager: None of the authentication protocols specified are supported
Could not connect to X session manager: None of the authentication protocols specified are supported
Could not connect to X session manager: None of the authentication protocols specified are supported
Installing breakpad exception handler for appid(steam)/version(1671236931)
Could not connect to X session manager: None of the authentication protocols specified are supported
Failed to init SteamVR because it isn't installed
Could not connect to X session manager: None of the authentication protocols specified are supported
Could not connect to X session manager: None of the authentication protocols specified are supported
Could not connect to X session manager: None of the authentication protocols specified are supported
Could not connect to X session manager: None of the authentication protocols specified are supported
Could not connect to X session manager: None of the authentication protocols specified are supported
Installing breakpad exception handler for appid(steam)/version(1671236931)
Could not connect to X session manager: None of the authentication protocols specified are supported
Could not connect to X session manager: None of the authentication protocols specified are supported
Could not connect to X session manager: None of the authentication protocols specified are supported
Could not connect to X session manager: None of the authentication protocols specified are supported
Could not connect to X session manager: None of the authentication protocols specified are supported
Could not connect to X session manager: None of the authentication protocols specified are supported
Could not connect to X session manager: None of the authentication protocols specified are supported
Could not connect to X session manager: None of the authentication protocols specified are supported
Installing breakpad exception handler for appid(steam)/version(1671236931)
Installing breakpad exception handler for appid(steam)/version(1671236931)
Could not connect to X session manager: None of the authentication protocols specified are supported
Could not connect to X session manager: None of the authentication protocols specified are supported
Could not connect to X session manager: None of the authentication protocols specified are supported
Could not connect to X session manager: None of the authentication protocols specified are supported
Could not connect to X session manager: None of the authentication protocols specified are supported
Could not connect to X session manager: None of the authentication protocols specified are supported
Could not connect to X session manager: None of the authentication protocols specified are supported
Could not connect to X session manager: None of the authentication protocols specified are supported
Could not connect to X session manager: None of the authentication protocols specified are supported
ExecCommandLine: "'/home/fresh/.local/share/Steam/ubuntu12_32/steam'"
Installing breakpad exception handler for appid(steam)/version(1671236931)
System startup time: 15.56 seconds
Could not connect to X session manager: None of the authentication protocols specified are supported
BuildCompleteAppOverviewChange: 345 apps
RegisterForAppOverview 1: 5ms
RegisterForAppOverview 2: 5ms
Installing breakpad exception handler for appid(steam)/version(1671236931)
Installing breakpad exception handler for appid(steam)/version(1671236931)
Installing breakpad exception handler for appid(steam)/version(1671236931)
Installing breakpad exception handler for appid(steam)/version(1671236931)
Installing breakpad exception handler for appid(steam)/version(1671236931)
Could not connect to X session manager: None of the authentication protocols specified are supported
Installing breakpad exception handler for appid(steam)/version(1671236931)
Installing breakpad exception handler for appid(steam)/version(1671236931)
Could not connect to X session manager: None of the authentication protocols specified are supported
Could not connect to X session manager: None of the authentication protocols specified are supported
Could not connect to X session manager: None of the authentication protocols specified are supported
Could not connect to X session manager: None of the authentication protocols specified are supported
Could not connect to X session manager: None of the authentication protocols specified are supported
Installing breakpad exception handler for appid(steam)/version(1671236931)
Installing breakpad exception handler for appid(steam)/version(1671236931)
Installing breakpad exception handler for appid(steam)/version(1671236931)
Installing breakpad exception handler for appid(steam)/version(1671236931)
Installing breakpad exception handler for appid(steam)/version(1671236931)
Installing breakpad exception handler for appid(steam)/version(1671236931)
Installing breakpad exception handler for appid(steam)/version(1671236931)
Could not connect to X session manager: None of the authentication protocols specified are supported
Could not connect to X session manager: None of the authentication protocols specified are supported
Could not connect to X session manager: None of the authentication protocols specified are supported
Could not connect to X session manager: None of the authentication protocols specified are supported
Could not connect to X session manager: None of the authentication protocols specified are supported
Could not connect to X session manager: None of the authentication protocols specified are supported
Could not connect to X session manager: None of the authentication protocols specified are supported
Local Device Found
  type: 045e 028e
  path: sdl://0
  serial_number:  - 0
  Manufacturer: 
  Product:      Atari Xbox 360 Game Controller
  Release:      303
  Interface:    -1

!! Steam controller device opened for index 0.
Could not connect to X session manager: None of the authentication protocols specified are supported
Could not connect to X session manager: None of the authentication protocols specified are supported
Could not connect to X session manager: None of the authentication protocols specified are supported
Could not connect to X session manager: None of the authentication protocols specified are supported
Could not connect to X session manager: None of the authentication protocols specified are supported
GameAction [AppID 761890, ActionID 1] : LaunchApp changed task to ProcessingInstallScript with ""
GameAction [AppID 761890, ActionID 1] : LaunchApp changed task to SynchronizingControllerConfig with ""
GameAction [AppID 761890, ActionID 1] : LaunchApp changed task to ProcessingShaderCache with ""
Fossilize INFO: Setting autogroup scheduling.
GameAction [AppID 761890, ActionID 1] : LaunchApp changed task to SiteLicenseSeatCheckout with ""
GameAction [AppID 761890, ActionID 1] : LaunchApp changed task to CreatingProcess with ""
GameAction [AppID 761890, ActionID 1] : LaunchApp waiting for user response to CreatingProcess ""
GameAction [AppID 761890, ActionID 1] : LaunchApp continues with user response "CreatingProcess"
/bin/sh\0-c\0/home/fresh/.local/share/Steam/ubuntu12_32/reaper SteamLaunch AppId=761890 -- /home/fresh/.local/share/Steam/ubuntu12_32/steam-launch-wrapper -- '/home/fresh/.local/share/Steam/steamapps/common/Albion Online/Albion-Online' -steam\0
Game process added : AppID 761890 "/home/fresh/.local/share/Steam/ubuntu12_32/reaper SteamLaunch AppId=761890 -- /home/fresh/.local/share/Steam/ubuntu12_32/steam-launch-wrapper -- '/home/fresh/.local/share/Steam/steamapps/common/Albion Online/Albion-Online' -steam", ProcID 73060, IP 0.0.0.0:0
ERROR: ld.so: object '/home/fresh/.local/share/Steam/ubuntu12_32/gameoverlayrenderer.so' from LD_PRELOAD cannot be preloaded (wrong ELF class: ELFCLASS32): ignored.
GameAction [AppID 761890, ActionID 1] : LaunchApp changed task to WaitingGameWindow with ""
ERROR: ld.so: object '/home/fresh/.local/share/Steam/ubuntu12_64/gameoverlayrenderer.so' from LD_PRELOAD cannot be preloaded (wrong ELF class: ELFCLASS64): ignored.
GameAction [AppID 761890, ActionID 1] : LaunchApp changed task to Completed with ""
ERROR: ld.so: object '/home/fresh/.local/share/Steam/ubuntu12_32/gameoverlayrenderer.so' from LD_PRELOAD cannot be preloaded (wrong ELF class: ELFCLASS32): ignored.
ERROR: ld.so: object '/home/fresh/.local/share/Steam/ubuntu12_32/gameoverlayrenderer.so' from LD_PRELOAD cannot be preloaded (wrong ELF class: ELFCLASS32): ignored.
ERROR: ld.so: object '/home/fresh/.local/share/Steam/ubuntu12_32/gameoverlayrenderer.so' from LD_PRELOAD cannot be preloaded (wrong ELF class: ELFCLASS32): ignored.
ERROR: ld.so: object '/home/fresh/.local/share/Steam/ubuntu12_32/gameoverlayrenderer.so' from LD_PRELOAD cannot be preloaded (wrong ELF class: ELFCLASS32): ignored.
ERROR: ld.so: object '/home/fresh/.local/share/Steam/ubuntu12_32/gameoverlayrenderer.so' from LD_PRELOAD cannot be preloaded (wrong ELF class: ELFCLASS32): ignored.
[S_API] SteamAPI_Init(): Loaded '/home/fresh/.local/share/Steam/linux64/steamclient.so' OK.
Game process updated : AppID 761890 "/home/fresh/.local/share/Steam/ubuntu12_32/reaper SteamLaunch AppId=761890 -- /home/fresh/.local/share/Steam/ubuntu12_32/steam-launch-wrapper -- '/home/fresh/.local/share/Steam/steamapps/common/Albion Online/Albion-Online' -steam", ProcID 73067, IP 0.0.0.0:0
Setting breakpad minidump AppID = 761890
SteamInternal_SetMinidumpSteamID:  Caching Steam ID:  76561198197000002 [API loaded no]
Installing breakpad exception handler for appid(steam)/version(1671236931)
ERROR: ld.so: object '/home/fresh/.local/share/Steam/ubuntu12_32/gameoverlayrenderer.so' from LD_PRELOAD cannot be preloaded (wrong ELF class: ELFCLASS32): ignored.
ERROR: ld.so: object '/home/fresh/.local/share/Steam/ubuntu12_32/gameoverlayrenderer.so' from LD_PRELOAD cannot be preloaded (wrong ELF class: ELFCLASS32): ignored.
ERROR: ld.so: object '/home/fresh/.local/share/Steam/ubuntu12_32/gameoverlayrenderer.so' from LD_PRELOAD cannot be preloaded (wrong ELF class: ELFCLASS32): ignored.
Installing breakpad exception handler for appid(gameoverlayui)/version(20221215212704)
Installing breakpad exception handler for appid(gameoverlayui)/version(1.0)
Installing breakpad exception handler for appid(gameoverlayui)/version(1.0)
Installing breakpad exception handler for appid(gameoverlayui)/version(1.0)
ERROR: ld.so: object '/home/fresh/.local/share/Steam/ubuntu12_32/gameoverlayrenderer.so' from LD_PRELOAD cannot be preloaded (wrong ELF class: ELFCLASS32): ignored.
pid 73282 != 73279, skipping destruction (fork without exec?)
pid 73283 != 73279, skipping destruction (fork without exec?)
pid 73286 != 73279, skipping destruction (fork without exec?)
ERROR: ld.so: object '/home/fresh/.local/share/Steam/ubuntu12_32/gameoverlayrenderer.so' from LD_PRELOAD cannot be preloaded (wrong ELF class: ELFCLASS32): ignored.
ThreadGetProcessExitCode: no such process 73284
ThreadGetProcessExitCode: no such process 73066
ThreadGetProcessExitCode: no such process 73065
ThreadGetProcessExitCode: no such process 73064
pid 73285 != 73279, skipping destruction (fork without exec?)
pid 73289 != 73279, skipping destruction (fork without exec?)
ERROR: ld.so: object '/home/fresh/.local/share/Steam/ubuntu12_32/gameoverlayrenderer.so' from LD_PRELOAD cannot be preloaded (wrong ELF class: ELFCLASS32): ignored.
pid 73288 != 73279, skipping destruction (fork without exec?)
pid 73292 != 73279, skipping destruction (fork without exec?)
ERROR: ld.so: object '/home/fresh/.local/share/Steam/ubuntu12_32/gameoverlayrenderer.so' from LD_PRELOAD cannot be preloaded (wrong ELF class: ELFCLASS32): ignored.
pid 73291 != 73279, skipping destruction (fork without exec?)
pid 73295 != 73279, skipping destruction (fork without exec?)
ERROR: ld.so: object '/home/fresh/.local/share/Steam/ubuntu12_32/gameoverlayrenderer.so' from LD_PRELOAD cannot be preloaded (wrong ELF class: ELFCLASS32): ignored.
pid 73294 != 73279, skipping destruction (fork without exec?)
pid 73298 != 73279, skipping destruction (fork without exec?)
ERROR: ld.so: object '/home/fresh/.local/share/Steam/ubuntu12_32/gameoverlayrenderer.so' from LD_PRELOAD cannot be preloaded (wrong ELF class: ELFCLASS32): ignored.
pid 73297 != 73279, skipping destruction (fork without exec?)
pid 73301 != 73279, skipping destruction (fork without exec?)
ERROR: ld.so: object '/home/fresh/.local/share/Steam/ubuntu12_32/gameoverlayrenderer.so' from LD_PRELOAD cannot be preloaded (wrong ELF class: ELFCLASS32): ignored.
pid 73300 != 73279, skipping destruction (fork without exec?)
pid 73304 != 73279, skipping destruction (fork without exec?)
ERROR: ld.so: object '/home/fresh/.local/share/Steam/ubuntu12_32/gameoverlayrenderer.so' from LD_PRELOAD cannot be preloaded (wrong ELF class: ELFCLASS32): ignored.
pid 73303 != 73279, skipping destruction (fork without exec?)
ERROR: ld.so: object '/home/fresh/.local/share/Steam/ubuntu12_32/gameoverlayrenderer.so' from LD_PRELOAD cannot be preloaded (wrong ELF class: ELFCLASS32): ignored.
ThreadGetProcessExitCode: no such process 73305
ThreadGetProcessExitCode: no such process 73302
ThreadGetProcessExitCode: no such process 73299
ThreadGetProcessExitCode: no such process 73296
ThreadGetProcessExitCode: no such process 73293
ThreadGetProcessExitCode: no such process 73290
ThreadGetProcessExitCode: no such process 73287
ERROR: ld.so: object '/home/fresh/.local/share/Steam/ubuntu12_32/gameoverlayrenderer.so' from LD_PRELOAD cannot be preloaded (wrong ELF class: ELFCLASS32): ignored.

(process:73119): GLib-GObject-CRITICAL **: 13:50:58.979: g_object_unref: assertion 'G_IS_OBJECT (object)' failed
Installing breakpad exception handler for appid(gameoverlayui)/version(20221215212704)
Installing breakpad exception handler for appid(gameoverlayui)/version(1.0)
Installing breakpad exception handler for appid(gameoverlayui)/version(1.0)
Installing breakpad exception handler for appid(gameoverlayui)/version(1.0)
[2022-12-31 18:01:28] Startup - updater built Dec 15 2022 21:26:49
[2022-12-31 18:01:28] Startup - Steam Client launched with: '/home/fresh/.local/share/Steam/ubuntu12_32/steam'
[2022-12-31 18:01:28] Loading cached metrics from disk (/home/fresh/.local/share/Steam/package/steam_client_metrics.bin)
[2022-12-31 18:01:28] Using the following download hosts for Public, Realm steamglobal
[2022-12-31 18:01:28] 1. https://client-update.akamai.steamstatic.com, /, Realm 'steamglobal', weight was 1000, source = 'update_hosts_cached.vdf'
[2022-12-31 18:01:28] 2. https://cdn.cloudflare.steamstatic.com, /client/, Realm 'steamglobal', weight was 1, source = 'update_hosts_cached.vdf'
[2022-12-31 18:01:28] 3. http://media.steampowered.com, /client/, Realm 'steamglobal', weight was 1, source = 'baked in'
[2022-12-31 18:01:28] Verifying installation...
[2022-12-31 18:01:28] Verification complete
XRRGetOutputInfo Workaround: initialized with override: 0 real: 0xf3668370
XRRGetCrtcInfo Workaround: initialized with override: 0 real: 0xf3666cc0
[2022-12-31 18:03:29] Background update loop checking for update. . .
[2022-12-31 18:03:29] Checking for available updates...
[2022-12-31 18:03:29] Downloading manifest: https://client-update.akamai.steamstatic.com/steam_client_ubuntu12
[2022-12-31 18:03:29] Manifest download: send request
[2022-12-31 18:03:29] Manifest download: waiting for download to finish
[2022-12-31 18:03:30] Manifest download: finished
[2022-12-31 18:03:30] Download skipped: /steam_client_ubuntu12 version 1671236931, installed version 1671236931, existing pending version 0
[2022-12-31 18:03:30] Nothing to do
[2023-01-01 00:56:54] Background update loop checking for update. . .
[2023-01-01 00:56:54] Downloading manifest: https://client-update.akamai.steamstatic.com/steam_client_ubuntu12
[2023-01-01 00:56:54] Manifest download: send request
[2023-01-01 00:56:54] Manifest download: waiting for download to finish
[2023-01-01 00:56:55] Manifest download: finished
[2023-01-01 00:56:55] Download skipped by HTTP 304 Not Modified
[2023-01-01 00:56:55] Nothing to do
[2023-01-01 06:01:29] Background update loop checking for update. . .
[2023-01-01 06:01:29] Downloading manifest: https://client-update.akamai.steamstatic.com/steam_client_ubuntu12
[2023-01-01 06:01:29] Manifest download: send request
[2023-01-01 06:01:29] Manifest download: waiting for download to finish
[2023-01-01 06:01:30] Manifest download: finished
[2023-01-01 06:01:30] Download skipped by HTTP 304 Not Modified
[2023-01-01 06:01:30] Nothing to do
[2023-01-01 13:29:58] Background update loop checking for update. . .
[2023-01-01 13:29:58] Downloading manifest: https://client-update.akamai.steamstatic.com/steam_client_ubuntu12
[2023-01-01 13:29:58] Manifest download: send request
[2023-01-01 13:29:58] Manifest download: waiting for download to finish
[2023-01-01 13:29:59] Manifest download: finished
[2023-01-01 13:29:59] Download skipped by HTTP 304 Not Modified
[2023-01-01 13:29:59] Nothing to do
src/steamexe/main.cpp (254) : Assertion Failed: reaping pid: 73119 -- gameoverlayui

Installing breakpad exception handler for appid(steam)/version(1671236931)
assert_20230101135109_50.dmp[73405]: Uploading dump (out-of-process)
/tmp/dumps/assert_20230101135109_50.dmp
assert_20230101135109_50.dmp[73405]: Finished uploading minidump (out-of-process): success = yes
assert_20230101135109_50.dmp[73405]: response: CrashID=bp-44702d78-6528-4e33-a4f5-c20b12230101
assert_20230101135109_50.dmp[73405]: file ''/tmp/dumps/assert_20230101135109_50.dmp'', upload yes: ''CrashID=bp-44702d78-6528-4e33-a4f5-c20b12230101''
Game process updated : AppID 761890 "/home/fresh/.local/share/Steam/ubuntu12_32/reaper SteamLaunch AppId=761890 -- /home/fresh/.local/share/Steam/ubuntu12_32/steam-launch-wrapper -- '/home/fresh/.local/share/Steam/steamapps/common/Albion Online/Albion-Online' -steam", ProcID 73279, IP 0.0.0.0:0
ThreadGetProcessExitCode: no such process 73489
ThreadGetProcessExitCode: no such process 73488
ThreadGetProcessExitCode: no such process 73429
ThreadGetProcessExitCode: no such process 73428
ThreadGetProcessExitCode: no such process 73306
ThreadGetProcessExitCode: no such process 73067
Installing breakpad exception handler for appid(steam)/version(1671236931)
Installing breakpad exception handler for appid(steam)/version(1671236931)
Game process removed: AppID 761890 "/home/fresh/.local/share/Steam/ubuntu12_32/reaper SteamLaunch AppId=761890 -- /home/fresh/.local/share/Steam/ubuntu12_32/steam-launch-wrapper -- '/home/fresh/.local/share/Steam/steamapps/common/Albion Online/Albion-Online' -steam", ProcID 73279 
ThreadGetProcessExitCode: no such process 73279
ThreadGetProcessExitCode: no such process 73089
ThreadGetProcessExitCode: no such process 73074
ThreadGetProcessExitCode: no such process 73075
ThreadGetProcessExitCode: no such process 73063
Game 761890 created interface STEAMAPPS_INTERFACE_VERSION008 / 
Game 761890 created interface STEAMINVENTORY_INTERFACE_V003 / 
Game 761890 created interface STEAMMUSIC_INTERFACE_VERSION001 / 
Game 761890 created interface STEAMPARENTALSETTINGS_INTERFACE_VERSION001 / 
Game 761890 created interface STEAMREMOTEPLAY_INTERFACE_VERSION001 / 
Game 761890 created interface STEAMREMOTESTORAGE_INTERFACE_VERSION016 / 
Game 761890 created interface STEAMSCREENSHOTS_INTERFACE_VERSION003 / 
Game 761890 created interface STEAMUGC_INTERFACE_VERSION016 / 
Game 761890 created interface STEAMUSERSTATS_INTERFACE_VERSION012 / 
Game 761890 created interface STEAMVIDEO_INTERFACE_V002 / 
Game 761890 created interface SteamController008 / 
Game 761890 created interface SteamFriends017 / 
Game 761890 created interface SteamInput006 / 
Game 761890 created interface SteamMatchMaking009 / 
Game 761890 created interface SteamMatchMakingServers002 / 
Game 761890 created interface SteamNetworking006 / 
Game 761890 created interface SteamNetworkingSockets012 / 
Game 761890 created interface SteamNetworkingUtils004 / 
Game 761890 created interface SteamParties002 / 
Game 761890 created interface SteamUser021 / 
Game 761890 created interface SteamUser021 / User
Game 761890 created interface SteamUtils010 / 
Game 761890 method call count for IClientNetworkingSocketsSerialized::GetSTUNServer : 2
Game 761890 method call count for IClientAudio::GetVoiceOptimalSampleRate : 1
Game 761890 method call count for IClientUserStats::RequestCurrentStats : 1
Game 761890 method call count for IClientUtils::RecordSteamInterfaceCreation : 26
Game 761890 method call count for IClientUtils::GetAppID : 28
Game 761890 method call count for IClientUtils::GetConnectedUniverse : 1
Game 761890 method call count for IClientFriends::GetPersonaName : 262445
Game 761890 method call count for IClientUser::GetAuthSessionTicket : 1
Game 761890 method call count for IClientUser::GetSteamID : 39
Game 761890 method call count for IClientUser::BLoggedOn : 1
Uploaded AppInterfaceStats to Steam

(process:73368): GLib-GObject-CRITICAL **: 15:15:02.326: g_object_unref: assertion 'G_IS_OBJECT (object)' failed
Installing breakpad exception handler for appid(steam)/version(1671236931)
Installing breakpad exception handler for appid(steam)/version(1671236931)
Installing breakpad exception handler for appid(steam)/version(1671236931)
Installing breakpad exception handler for appid(steam)/version(1671236931)
Controller device closed after hid_read failure
src/steamexe/main.cpp (254) : Assertion Failed: reaping pid: 73119 -- gameoverlayui

src/steamexe/main.cpp (254) : Assertion Failed: reaping pid: 73368 -- gameoverlayui

CAPIJobRequestUserStats - Server response failed 2
Could not connect to X session manager: None of the authentication protocols specified are supported
Could not connect to X session manager: None of the authentication protocols specified are supported
Could not connect to X session manager: None of the authentication protocols specified are supported
Could not connect to X session manager: None of the authentication protocols specified are supported
Couldn't write /.steam_exec_test.sh: Permission denied
Couldn't write /opt/.steam_exec_test.sh: Permission denied
Couldn't write /var/.steam_exec_test.sh: Permission denied
Couldn't write /run/user/1000/doc/.steam_exec_test.sh: Permission denied
Could not connect to X session manager: None of the authentication protocols specified are supported
Could not connect to X session manager: None of the authentication protocols specified are supported
Could not connect to X session manager: None of the authentication protocols specified are supported
Could not connect to X session manager: None of the authentication protocols specified are supported
Could not connect to X session manager: None of the authentication protocols specified are supported
Could not connect to X session manager: None of the authentication protocols specified are supported
Could not connect to X session manager: None of the authentication protocols specified are supported
Could not connect to X session manager: None of the authentication protocols specified are supported
Could not connect to X session manager: None of the authentication protocols specified are supported
Could not connect to X session manager: None of the authentication protocols specified are supported
Could not connect to X session manager: None of the authentication protocols specified are supported
Could not connect to X session manager: None of the authentication protocols specified are supported
CAPIJobRequestUserStats - Server response failed 2
Could not connect to X session manager: None of the authentication protocols specified are supported
Could not connect to X session manager: None of the authentication protocols specified are supported
Could not connect to X session manager: None of the authentication protocols specified are supported
Could not connect to X session manager: None of the authentication protocols specified are supported
Could not connect to X session manager: None of the authentication protocols specified are supported
Could not connect to X session manager: None of the authentication protocols specified are supported
Could not connect to X session manager: None of the authentication protocols specified are supported
Could not connect to X session manager: None of the authentication protocols specified are supported
Could not connect to X session manager: None of the authentication protocols specified are supported
Could not connect to X session manager: None of the authentication protocols specified are supported
Could not connect to X session manager: None of the authentication protocols specified are supported
Could not connect to X session manager: None of the authentication protocols specified are supported
Could not connect to X session manager: None of the authentication protocols specified are supported
Could not connect to X session manager: None of the authentication protocols specified are supported
Could not connect to X session manager: None of the authentication protocols specified are supported
Could not connect to X session manager: None of the authentication protocols specified are supported
Could not connect to X session manager: None of the authentication protocols specified are supported
Could not connect to X session manager: None of the authentication protocols specified are supported
Could not connect to X session manager: None of the authentication protocols specified are supported
Could not connect to X session manager: None of the authentication protocols specified are supported
Could not connect to X session manager: None of the authentication protocols specified are supported
Could not connect to X session manager: None of the authentication protocols specified are supported
Could not connect to X session manager: None of the authentication protocols specified are supported
Could not connect to X session manager: None of the authentication protocols specified are supported
CAPIJobRequestUserStats - Server response failed 2
CAPIJobRequestUserStats - Server response failed 2
Could not connect to X session manager: None of the authentication protocols specified are supported
Could not connect to X session manager: None of the authentication protocols specified are supported
Could not connect to X session manager: None of the authentication protocols specified are supported
Installing breakpad exception handler for appid(steam)/version(1671236931)
Installing breakpad exception handler for appid(steam)/version(1671236931)
Could not connect to X session manager: None of the authentication protocols specified are supported
Could not connect to X session manager: None of the authentication protocols specified are supported
Could not connect to X session manager: None of the authentication protocols specified are supported
Could not connect to X session manager: None of the authentication protocols specified are supported
Could not connect to X session manager: None of the authentication protocols specified are supported
Could not connect to X session manager: None of the authentication protocols specified are supported
Nemo-Share-Message: 18:58:23.515: Called "net usershare info" but it failed: 'net usershare' returned error 255: net usershare: cannot open usershare directory /var/lib/samba/usershares. Error No such file or directory
Please ask your system administrator to enable user sharing.

src/steamexe/main.cpp (254) : Assertion Failed: reaping pid: 73368 -- gameoverlayui

[2023-01-01 18:01:29] Background update loop checking for update. . .
[2023-01-01 18:01:29] Downloading manifest: https://client-update.akamai.steamstatic.com/steam_client_ubuntu12
[2023-01-01 18:01:29] Manifest download: send request
[2023-01-01 18:01:29] Manifest download: waiting for download to finish
[2023-01-01 18:01:30] Manifest download: finished
[2023-01-01 18:01:30] Download skipped by HTTP 304 Not Modified
[2023-01-01 18:01:30] Nothing to do
src/steamexe/main.cpp (254) : Assertion Failed: reaping pid: 83095 -- steam

Nemo-Share-Message: 18:59:13.138: Called "net usershare info" but it failed: 'net usershare' returned error 255: net usershare: cannot open usershare directory /var/lib/samba/usershares. Error No such file or directory
Please ask your system administrator to enable user sharing.

src/steamexe/main.cpp (254) : Assertion Failed: reaping pid: 83095 -- steam

src/steamexe/main.cpp (254) : Assertion Failed: reaping pid: 83293 -- steam

Could not connect to X session manager: None of the authentication protocols specified are supported
Could not connect to X session manager: None of the authentication protocols specified are supported
Could not connect to X session manager: None of the authentication protocols specified are supported
Nemo-Share-Message: 18:59:35.849: Called "net usershare info" but it failed: 'net usershare' returned error 255: net usershare: cannot open usershare directory /var/lib/samba/usershares. Error No such file or directory
Please ask your system administrator to enable user sharing.

src/steamexe/main.cpp (254) : Assertion Failed: reaping pid: 83293 -- steam

src/steamexe/main.cpp (254) : Assertion Failed: reaping pid: 83325 -- steam

Could not connect to X session manager: None of the authentication protocols specified are supported
Could not connect to X session manager: None of the authentication protocols specified are supported
Installing breakpad exception handler for appid(steam)/version(1671236931)
Installing breakpad exception handler for appid(steam)/version(1671236931)
Could not connect to X session manager: None of the authentication protocols specified are supported
Could not connect to X session manager: None of the authentication protocols specified are supported
CAPIJobRequestUserStats - Server response failed 2
Could not connect to X session manager: None of the authentication protocols specified are supported
Could not connect to X session manager: None of the authentication protocols specified are supported
GameAction [AppID 761890, ActionID 2] : LaunchApp changed task to ProcessingInstallScript with ""
GameAction [AppID 761890, ActionID 2] : LaunchApp changed task to SynchronizingControllerConfig with ""
GameAction [AppID 761890, ActionID 2] : LaunchApp changed task to ProcessingShaderCache with ""
Fossilize INFO: Setting autogroup scheduling.
GameAction [AppID 761890, ActionID 2] : LaunchApp changed task to SiteLicenseSeatCheckout with ""
GameAction [AppID 761890, ActionID 2] : LaunchApp changed task to CreatingProcess with ""
GameAction [AppID 761890, ActionID 2] : LaunchApp waiting for user response to CreatingProcess ""
GameAction [AppID 761890, ActionID 2] : LaunchApp continues with user response "CreatingProcess"
/bin/sh\0-c\0/home/fresh/.local/share/Steam/ubuntu12_32/reaper SteamLaunch AppId=761890 -- /home/fresh/.local/share/Steam/ubuntu12_32/steam-launch-wrapper -- '/home/fresh/.local/share/Steam/steamapps/common/Albion Online/Albion-Online' -steam\0
Game process added : AppID 761890 "/home/fresh/.local/share/Steam/ubuntu12_32/reaper SteamLaunch AppId=761890 -- /home/fresh/.local/share/Steam/ubuntu12_32/steam-launch-wrapper -- '/home/fresh/.local/share/Steam/steamapps/common/Albion Online/Albion-Online' -steam", ProcID 88707, IP 0.0.0.0:0
GameAction [AppID 761890, ActionID 2] : LaunchApp changed task to WaitingGameWindow with ""
ERROR: ld.so: object '/home/fresh/.local/share/Steam/ubuntu12_32/gameoverlayrenderer.so' from LD_PRELOAD cannot be preloaded (wrong ELF class: ELFCLASS32): ignored.
ERROR: ld.so: object '/home/fresh/.local/share/Steam/ubuntu12_64/gameoverlayrenderer.so' from LD_PRELOAD cannot be preloaded (wrong ELF class: ELFCLASS64): ignored.
GameAction [AppID 761890, ActionID 2] : LaunchApp changed task to Completed with ""
ERROR: ld.so: object '/home/fresh/.local/share/Steam/ubuntu12_32/gameoverlayrenderer.so' from LD_PRELOAD cannot be preloaded (wrong ELF class: ELFCLASS32): ignored.
ERROR: ld.so: object '/home/fresh/.local/share/Steam/ubuntu12_32/gameoverlayrenderer.so' from LD_PRELOAD cannot be preloaded (wrong ELF class: ELFCLASS32): ignored.
ERROR: ld.so: object '/home/fresh/.local/share/Steam/ubuntu12_32/gameoverlayrenderer.so' from LD_PRELOAD cannot be preloaded (wrong ELF class: ELFCLASS32): ignored.
ERROR: ld.so: object '/home/fresh/.local/share/Steam/ubuntu12_32/gameoverlayrenderer.so' from LD_PRELOAD cannot be preloaded (wrong ELF class: ELFCLASS32): ignored.
ERROR: ld.so: object '/home/fresh/.local/share/Steam/ubuntu12_32/gameoverlayrenderer.so' from LD_PRELOAD cannot be preloaded (wrong ELF class: ELFCLASS32): ignored.
[S_API] SteamAPI_Init(): Loaded '/home/fresh/.local/share/Steam/linux64/steamclient.so' OK.
Game process updated : AppID 761890 "/home/fresh/.local/share/Steam/ubuntu12_32/reaper SteamLaunch AppId=761890 -- /home/fresh/.local/share/Steam/ubuntu12_32/steam-launch-wrapper -- '/home/fresh/.local/share/Steam/steamapps/common/Albion Online/Albion-Online' -steam", ProcID 88712, IP 0.0.0.0:0
Setting breakpad minidump AppID = 761890
SteamInternal_SetMinidumpSteamID:  Caching Steam ID:  76561198197000002 [API loaded no]
ERROR: ld.so: object '/home/fresh/.local/share/Steam/ubuntu12_32/gameoverlayrenderer.so' from LD_PRELOAD cannot be preloaded (wrong ELF class: ELFCLASS32): ignored.
ERROR: ld.so: object '/home/fresh/.local/share/Steam/ubuntu12_32/gameoverlayrenderer.so' from LD_PRELOAD cannot be preloaded (wrong ELF class: ELFCLASS32): ignored.
ERROR: ld.so: object '/home/fresh/.local/share/Steam/ubuntu12_32/gameoverlayrenderer.so' from LD_PRELOAD cannot be preloaded (wrong ELF class: ELFCLASS32): ignored.
Installing breakpad exception handler for appid(gameoverlayui)/version(20221215212704)
Installing breakpad exception handler for appid(gameoverlayui)/version(1.0)
Installing breakpad exception handler for appid(gameoverlayui)/version(1.0)
Installing breakpad exception handler for appid(gameoverlayui)/version(1.0)
ERROR: ld.so: object '/home/fresh/.local/share/Steam/ubuntu12_32/gameoverlayrenderer.so' from LD_PRELOAD cannot be preloaded (wrong ELF class: ELFCLASS32): ignored.
pid 88861 != 88856, skipping destruction (fork without exec?)
pid 88862 != 88856, skipping destruction (fork without exec?)
ERROR: ld.so: object '/home/fresh/.local/share/Steam/ubuntu12_32/gameoverlayrenderer.so' from LD_PRELOAD cannot be preloaded (wrong ELF class: ELFCLASS32): ignored.
pid 88865 != 88856, skipping destruction (fork without exec?)
pid 88864 != 88856, skipping destruction (fork without exec?)
pid 88868 != 88856, skipping destruction (fork without exec?)
ERROR: ld.so: object '/home/fresh/.local/share/Steam/ubuntu12_32/gameoverlayrenderer.so' from LD_PRELOAD cannot be preloaded (wrong ELF class: ELFCLASS32): ignored.
pid 88867 != 88856, skipping destruction (fork without exec?)
pid 88871 != 88856, skipping destruction (fork without exec?)
ERROR: ld.so: object '/home/fresh/.local/share/Steam/ubuntu12_32/gameoverlayrenderer.so' from LD_PRELOAD cannot be preloaded (wrong ELF class: ELFCLASS32): ignored.
ThreadGetProcessExitCode: no such process 88869
ThreadGetProcessExitCode: no such process 88866
ThreadGetProcessExitCode: no such process 88863
ThreadGetProcessExitCode: no such process 88711
ThreadGetProcessExitCode: no such process 88710
ThreadGetProcessExitCode: no such process 88709
pid 88870 != 88856, skipping destruction (fork without exec?)
pid 88874 != 88856, skipping destruction (fork without exec?)
ERROR: ld.so: object '/home/fresh/.local/share/Steam/ubuntu12_32/gameoverlayrenderer.so' from LD_PRELOAD cannot be preloaded (wrong ELF class: ELFCLASS32): ignored.
pid 88873 != 88856, skipping destruction (fork without exec?)
pid 88877 != 88856, skipping destruction (fork without exec?)
ERROR: ld.so: object '/home/fresh/.local/share/Steam/ubuntu12_32/gameoverlayrenderer.so' from LD_PRELOAD cannot be preloaded (wrong ELF class: ELFCLASS32): ignored.
pid 88876 != 88856, skipping destruction (fork without exec?)
pid 88880 != 88856, skipping destruction (fork without exec?)
ERROR: ld.so: object '/home/fresh/.local/share/Steam/ubuntu12_32/gameoverlayrenderer.so' from LD_PRELOAD cannot be preloaded (wrong ELF class: ELFCLASS32): ignored.
pid 88879 != 88856, skipping destruction (fork without exec?)
pid 88883 != 88856, skipping destruction (fork without exec?)
ERROR: ld.so: object '/home/fresh/.local/share/Steam/ubuntu12_32/gameoverlayrenderer.so' from LD_PRELOAD cannot be preloaded (wrong ELF class: ELFCLASS32): ignored.
pid 88882 != 88856, skipping destruction (fork without exec?)
ERROR: ld.so: object '/home/fresh/.local/share/Steam/ubuntu12_32/gameoverlayrenderer.so' from LD_PRELOAD cannot be preloaded (wrong ELF class: ELFCLASS32): ignored.
ERROR: ld.so: object '/home/fresh/.local/share/Steam/ubuntu12_32/gameoverlayrenderer.so' from LD_PRELOAD cannot be preloaded (wrong ELF class: ELFCLASS32): ignored.
ThreadGetProcessExitCode: no such process 88885
ThreadGetProcessExitCode: no such process 88884
ThreadGetProcessExitCode: no such process 88881
ThreadGetProcessExitCode: no such process 88878
ThreadGetProcessExitCode: no such process 88875
ThreadGetProcessExitCode: no such process 88872

(process:88771): GLib-GObject-CRITICAL **: 23:29:05.754: g_object_unref: assertion 'G_IS_OBJECT (object)' failed
Installing breakpad exception handler for appid(gameoverlayui)/version(20221215212704)
Installing breakpad exception handler for appid(gameoverlayui)/version(1.0)
Installing breakpad exception handler for appid(gameoverlayui)/version(1.0)
Installing breakpad exception handler for appid(gameoverlayui)/version(1.0)
src/steamexe/main.cpp (254) : Assertion Failed: reaping pid: 83325 -- steam

src/steamexe/main.cpp (254) : Assertion Failed: reaping pid: 88771 -- gameoverlayui

Local Device Found
  type: 045e 028e
  path: sdl://2
  serial_number:  - 0
  Manufacturer: 
  Product:      Atari Xbox 360 Game Controller
  Release:      303
  Interface:    -1

!! Steam controller device opened for index 0.
Game process updated : AppID 761890 "/home/fresh/.local/share/Steam/ubuntu12_32/reaper SteamLaunch AppId=761890 -- /home/fresh/.local/share/Steam/ubuntu12_32/steam-launch-wrapper -- '/home/fresh/.local/share/Steam/steamapps/common/Albion Online/Albion-Online' -steam", ProcID 88856, IP 0.0.0.0:0
Game process removed: AppID 761890 "/home/fresh/.local/share/Steam/ubuntu12_32/reaper SteamLaunch AppId=761890 -- /home/fresh/.local/share/Steam/ubuntu12_32/steam-launch-wrapper -- '/home/fresh/.local/share/Steam/steamapps/common/Albion Online/Albion-Online' -steam", ProcID 88856 
ThreadGetProcessExitCode: no such process 89047
ThreadGetProcessExitCode: no such process 89046
ThreadGetProcessExitCode: no such process 88856
ThreadGetProcessExitCode: no such process 88733
ThreadGetProcessExitCode: no such process 88719
ThreadGetProcessExitCode: no such process 88718
ThreadGetProcessExitCode: no such process 88712
ThreadGetProcessExitCode: no such process 88708
Game 761890 created interface STEAMAPPS_INTERFACE_VERSION008 / 
Game 761890 created interface STEAMINVENTORY_INTERFACE_V003 / 
Game 761890 created interface STEAMMUSIC_INTERFACE_VERSION001 / 
Game 761890 created interface STEAMPARENTALSETTINGS_INTERFACE_VERSION001 / 
Game 761890 created interface STEAMREMOTEPLAY_INTERFACE_VERSION001 / 
Game 761890 created interface STEAMREMOTESTORAGE_INTERFACE_VERSION016 / 
Game 761890 created interface STEAMSCREENSHOTS_INTERFACE_VERSION003 / 
Game 761890 created interface STEAMUGC_INTERFACE_VERSION016 / 
Game 761890 created interface STEAMUSERSTATS_INTERFACE_VERSION012 / 
Game 761890 created interface STEAMVIDEO_INTERFACE_V002 / 
Game 761890 created interface SteamController008 / 
Game 761890 created interface SteamFriends017 / 
Game 761890 created interface SteamInput006 / 
Game 761890 created interface SteamMatchMaking009 / 
Game 761890 created interface SteamMatchMakingServers002 / 
Game 761890 created interface SteamNetworking006 / 
Game 761890 created interface SteamNetworkingSockets012 / 
Game 761890 created interface SteamNetworkingUtils004 / 
Game 761890 created interface SteamParties002 / 
Game 761890 created interface SteamUser021 / 
Game 761890 created interface SteamUser021 / User
Game 761890 created interface SteamUtils010 / 
Game 761890 method call count for IClientNetworkingSocketsSerialized::GetSTUNServer : 2
Game 761890 method call count for IClientAudio::GetVoiceOptimalSampleRate : 1
Game 761890 method call count for IClientUserStats::RequestCurrentStats : 1
Game 761890 method call count for IClientUtils::RecordSteamInterfaceCreation : 26
Game 761890 method call count for IClientUtils::GetAppID : 28
Game 761890 method call count for IClientUtils::GetConnectedUniverse : 1
Game 761890 method call count for IClientFriends::GetPersonaName : 82617
Game 761890 method call count for IClientUser::GetAuthSessionTicket : 1
Game 761890 method call count for IClientUser::GetSteamID : 9
Game 761890 method call count for IClientUser::BLoggedOn : 1
Uploaded AppInterfaceStats to Steam

(process:88939): GLib-GObject-CRITICAL **: 23:53:33.994: g_object_unref: assertion 'G_IS_OBJECT (object)' failed
src/steamexe/main.cpp (254) : Assertion Failed: reaping pid: 88771 -- gameoverlayui

src/steamexe/main.cpp (254) : Assertion Failed: reaping pid: 88939 -- gameoverlayui

Could not connect to X session manager: None of the authentication protocols specified are supported
Could not connect to X session manager: None of the authentication protocols specified are supported
Could not connect to X session manager: None of the authentication protocols specified are supported

(steam:54753): GLib-GObject-CRITICAL **: 00:15:28.696: g_object_unref: assertion 'G_IS_OBJECT (object)' failed

(steam:54753): GLib-GObject-WARNING **: 00:15:28.698: instance with invalid (NULL) class pointer

(steam:54753): GLib-GObject-CRITICAL **: 00:15:28.698: g_signal_handlers_disconnect_matched: assertion 'G_TYPE_CHECK_INSTANCE (instance)' failed

(steam:54753): GLib-GObject-CRITICAL **: 00:15:28.698: g_object_unref: assertion 'G_IS_OBJECT (object)' failed
src/steamexe/main.cpp (254) : Assertion Failed: reaping pid: 88939 -- gameoverlayui

[2023-01-02 00:15:28] Shutdown
